<?xml version="1.0" encoding="UTF-8"?>
<testsuites name="Basic" time="663" tests="1" failures="12" errors="0">
   <testsuite name="Basic" tests="1" failures="12" errors="0" time="663" timestamp="2017-11-13 11:21:58" hostname="5730212056 - PIEW-LAPTOP" id="Test Suites/Basic">
      <properties>
         <property name="deviceName" value=""/>
         <property name="devicePlatform" value=""/>
         <property name="logFolder" value="D:\\Github\\Guru-TMDA\\Reports\\Basic\\20171113_112155"/>
         <property name="logFiles" value="D:\\Github\\Guru-TMDA\\Reports\\Basic\\20171113_112155\\execution0.log"/>
         <property name="attachments" value="D:\\Github\\Guru-TMDA\\Reports\\Basic\\20171113_112155\\1510546975092.png, D:\\Github\\Guru-TMDA\\Reports\\Basic\\20171113_112155\\1510546975563.png, D:\\Github\\Guru-TMDA\\Reports\\Basic\\20171113_112155\\1510547007144.png, D:\\Github\\Guru-TMDA\\Reports\\Basic\\20171113_112155\\1510547038545.png, D:\\Github\\Guru-TMDA\\Reports\\Basic\\20171113_112155\\1510547040881.png, D:\\Github\\Guru-TMDA\\Reports\\Basic\\20171113_112155\\1510547071948.png, D:\\Github\\Guru-TMDA\\Reports\\Basic\\20171113_112155\\1510547102845.png, D:\\Github\\Guru-TMDA\\Reports\\Basic\\20171113_112155\\1510547123609.png, D:\\Github\\Guru-TMDA\\Reports\\Basic\\20171113_112155\\1510547144411.png, D:\\Github\\Guru-TMDA\\Reports\\Basic\\20171113_112155\\1510547175336.png, D:\\Github\\Guru-TMDA\\Reports\\Basic\\20171113_112155\\1510547196209.png, D:\\Github\\Guru-TMDA\\Reports\\Basic\\20171113_112155\\1510547216869.png, D:\\Github\\Guru-TMDA\\Reports\\Basic\\20171113_112155\\1510547248256.png, D:\\Github\\Guru-TMDA\\Reports\\Basic\\20171113_112155\\1510547279446.png, D:\\Github\\Guru-TMDA\\Reports\\Basic\\20171113_112155\\1510547318222.png, D:\\Github\\Guru-TMDA\\Reports\\Basic\\20171113_112155\\1510547349517.png, D:\\Github\\Guru-TMDA\\Reports\\Basic\\20171113_112155\\1510547380715.png, D:\\Github\\Guru-TMDA\\Reports\\Basic\\20171113_112155\\1510547411885.png, D:\\Github\\Guru-TMDA\\Reports\\Basic\\20171113_112155\\1510547414231.png, D:\\Github\\Guru-TMDA\\Reports\\Basic\\20171113_112155\\1510547445602.png, D:\\Github\\Guru-TMDA\\Reports\\Basic\\20171113_112155\\1510547476737.png, D:\\Github\\Guru-TMDA\\Reports\\Basic\\20171113_112155\\1510547508008.png, D:\\Github\\Guru-TMDA\\Reports\\Basic\\20171113_112155\\1510547539309.png, D:\\Github\\Guru-TMDA\\Reports\\Basic\\20171113_112155\\1510547580133.png"/>
         <property name="hostName" value="5730212056 - PIEW-LAPTOP"/>
         <property name="os" value="Windows 10 64bit"/>
         <property name="katalonVersion" value="5.0.1.1"/>
         <property name="browser" value="Chrome 62.0.3202.89"/>
         <property name="hostAddress" value="192.168.11.220"/>
         <property name="sessionId" value="e09ae9dedcc7a31f5f67641f4b352745"/>
         <property name="seleniumVersion" value="2.53.0"/>
         <property name="proxyInformation" value="ProxyInformation{proxyOption=NO_PROXY, proxyServerType=HTTP, password=, proxyServerAddress=, proxyServerPort=0}"/>
         <property name="platform" value="Windows 10"/>
      </properties>
      <testcase name="Test Cases/1. Start Page (without login)/Single Verbatim without login" classname="Test Cases/1. Start Page (without login)/Single Verbatim without login" status="PASSED">
         <system-out><![CDATA[2017-11-13 11:21:59 - [TEST_CASE][PASSED] - Test Cases/1. Start Page (without login)/Single Verbatim without login: Test Cases/1. Start Page (without login)/Single Verbatim without login

2017-11-13 11:21:59 - [TEST_STEP][PASSED] - openBrowser: Browser is opened with url: ''

2017-11-13 11:22:03 - [MESSAGE][PASSED] - Browser is opened with url: ''

2017-11-13 11:22:03 - [TEST_STEP][PASSED] - maximizeWindow: Current window maximized

2017-11-13 11:22:04 - [MESSAGE][PASSED] - Current window maximized

2017-11-13 11:22:04 - [TEST_STEP][PASSED] - navigateToUrl: Navigate to 'http://192.168.11.59/' successfully

2017-11-13 11:22:08 - [MESSAGE][PASSED] - Navigate to 'http://192.168.11.59/' successfully

2017-11-13 11:22:08 - [TEST_STEP][PASSED] - click: Object: 'Object Repository/Single verbatim without login//i_fa fa-location-arrow w3-text (1)' is clicked on

2017-11-13 11:22:08 - [MESSAGE][PASSED] - Object: 'Object Repository/Single verbatim without login//i_fa fa-location-arrow w3-text (1)' is clicked on

2017-11-13 11:22:08 - [TEST_STEP][PASSED] - verifyElementPresent: Object 'Object Repository/single verbatim with login/span_Verbatim is not null' is present

2017-11-13 11:22:08 - [MESSAGE][PASSED] - Object 'Object Repository/single verbatim with login/span_Verbatim is not null' is present

2017-11-13 11:22:08 - [TEST_STEP][PASSED] - setText: Text 'บริการดีแต่รอคิวนาน' is set on object 'Object Repository/Single verbatim without login/input_input-text w3-large inpu'

2017-11-13 11:22:09 - [MESSAGE][PASSED] - Text 'บริการดีแต่รอคิวนาน' is set on object 'Object Repository/Single verbatim without login/input_input-text w3-large inpu'

2017-11-13 11:22:09 - [TEST_STEP][PASSED] - click: Object: 'Object Repository/Single verbatim without login//i_fa fa-location-arrow w3-text (1)' is clicked on

2017-11-13 11:22:09 - [MESSAGE][PASSED] - Object: 'Object Repository/Single verbatim without login//i_fa fa-location-arrow w3-text (1)' is clicked on

2017-11-13 11:22:09 - [TEST_STEP][PASSED] - verifyElementPresent: Object 'Object Repository/Single verbatim without login//div_predict-result' is present

2017-11-13 11:22:29 - [MESSAGE][PASSED] - Object 'Object Repository/Single verbatim without login//div_predict-result' is present

2017-11-13 11:22:29 - [TEST_STEP][PASSED] - verifyElementPresent: Object 'Object Repository/Single verbatim without login//div_row' is present

2017-11-13 11:22:29 - [MESSAGE][PASSED] - Object 'Object Repository/Single verbatim without login//div_row' is present

2017-11-13 11:22:29 - [TEST_STEP][PASSED] - setText: Text 'โคยยยยย' is set on object 'Object Repository/Single verbatim without login/input_input-text w3-large inpu'

2017-11-13 11:22:30 - [MESSAGE][PASSED] - Text 'โคยยยยย' is set on object 'Object Repository/Single verbatim without login/input_input-text w3-large inpu'

2017-11-13 11:22:30 - [TEST_STEP][PASSED] - click: Object: 'Object Repository/Single verbatim without login//i_fa fa-location-arrow w3-text (1)' is clicked on

2017-11-13 11:22:30 - [MESSAGE][PASSED] - Object: 'Object Repository/Single verbatim without login//i_fa fa-location-arrow w3-text (1)' is clicked on

2017-11-13 11:22:30 - [TEST_STEP][PASSED] - verifyElementPresent: Object 'Object Repository/Single verbatim without login//div_predict-result (1)' is present

2017-11-13 11:22:50 - [MESSAGE][PASSED] - Object 'Object Repository/Single verbatim without login//div_predict-result (1)' is present

2017-11-13 11:22:50 - [TEST_STEP][PASSED] - verifyElementPresent: Object 'Object Repository/single verbatim with login/img' is present

2017-11-13 11:22:50 - [MESSAGE][PASSED] - Object 'Object Repository/single verbatim with login/img' is present

2017-11-13 11:22:50 - [TEST_STEP][NOT_RUN] - closeBrowser: NOT_RUN: closeBrowser

2017-11-13 11:22:50 - [MESSAGE][NOT_RUN] - NOT_RUN: closeBrowser]]></system-out>
         <system-err><![CDATA[]]></system-err>
      </testcase>
      <testcase name="Test Cases/2. Login/Sign Up" classname="Test Cases/2. Login/Sign Up" status="FAILED">
         <failure type="FAILED" message="Object 'Object Repository/signup/signup/button_Sign Up' is clickable"/>
         <system-out><![CDATA[2017-11-13 11:22:50 - [TEST_CASE][FAILED] - Test Cases/2. Login/Sign Up: Test Cases/2. Login/Sign Up FAILED because (of) Object 'Object Repository/signup/signup/button_Sign Up' is clickable

2017-11-13 11:22:51 - [TEST_STEP][NOT_RUN] - openBrowser: NOT_RUN: openBrowser

2017-11-13 11:22:51 - [MESSAGE][NOT_RUN] - NOT_RUN: openBrowser

2017-11-13 11:22:51 - [TEST_STEP][NOT_RUN] - maximizeWindow: NOT_RUN: maximizeWindow

2017-11-13 11:22:51 - [MESSAGE][NOT_RUN] - NOT_RUN: maximizeWindow

2017-11-13 11:22:51 - [TEST_STEP][NOT_RUN] - navigateToUrl: NOT_RUN: navigateToUrl

2017-11-13 11:22:51 - [MESSAGE][NOT_RUN] - NOT_RUN: navigateToUrl

2017-11-13 11:22:51 - [TEST_STEP][PASSED] - click: Object: 'Object Repository/signup/start/span_Login' is clicked on

2017-11-13 11:22:51 - [MESSAGE][PASSED] - Object: 'Object Repository/signup/start/span_Login' is clicked on

2017-11-13 11:22:51 - [TEST_STEP][PASSED] - scrollToElement: Scroll to object 'Object Repository/signup/login/a_Sign Up' successfully

2017-11-13 11:22:51 - [MESSAGE][PASSED] - Scroll to object 'Object Repository/signup/login/a_Sign Up' successfully

2017-11-13 11:22:51 - [TEST_STEP][PASSED] - click: Object: 'Object Repository/signup/login/a_Sign Up' is clicked on

2017-11-13 11:22:51 - [MESSAGE][PASSED] - Object: 'Object Repository/signup/login/a_Sign Up' is clicked on

2017-11-13 11:22:51 - [TEST_STEP][PASSED] - Statement - date = new java.util.Date(): null

2017-11-13 11:22:51 - [TEST_STEP][PASSED] - Statement - df = new java.text.SimpleDateFormat(): null

2017-11-13 11:22:51 - [TEST_STEP][PASSED] - Statement - df.applyPattern("ddmmyyyyHHmmss"): null

2017-11-13 11:22:51 - [TEST_STEP][PASSED] - setText: Text 'Creme' is set on object 'Object Repository/signup/signup/input_username'

2017-11-13 11:22:52 - [MESSAGE][PASSED] - Text 'Creme' is set on object 'Object Repository/signup/signup/input_username'

2017-11-13 11:22:52 - [TEST_STEP][PASSED] - setText: Text '1234' is set on object 'Object Repository/signup/signup/input_password'

2017-11-13 11:22:52 - [MESSAGE][PASSED] - Text '1234' is set on object 'Object Repository/signup/signup/input_password'

2017-11-13 11:22:52 - [TEST_STEP][PASSED] - setText: Text '1234' is set on object 'Object Repository/signup/signup/input_cfpassword'

2017-11-13 11:22:52 - [MESSAGE][PASSED] - Text '1234' is set on object 'Object Repository/signup/signup/input_cfpassword'

2017-11-13 11:22:52 - [TEST_STEP][PASSED] - setText: Text 'Piratchana' is set on object 'Object Repository/signup/signup/input_first_name'

2017-11-13 11:22:52 - [MESSAGE][PASSED] - Text 'Piratchana' is set on object 'Object Repository/signup/signup/input_first_name'

2017-11-13 11:22:52 - [TEST_STEP][PASSED] - setText: Text 'Maksub' is set on object 'Object Repository/signup/signup/input_last_name'

2017-11-13 11:22:53 - [MESSAGE][PASSED] - Text 'Maksub' is set on object 'Object Repository/signup/signup/input_last_name'

2017-11-13 11:22:53 - [TEST_STEP][PASSED] - setText: Text 'Cprcn@gmail.com' is set on object 'Object Repository/signup/signup/input_email'

2017-11-13 11:22:53 - [MESSAGE][PASSED] - Text 'Cprcn@gmail.com' is set on object 'Object Repository/signup/signup/input_email'

2017-11-13 11:22:53 - [TEST_STEP][PASSED] - selectOptionByValue: All options with value '1' are selected in object 'Object Repository/signup/signup/select_question'  using regular expression

2017-11-13 11:22:54 - [MESSAGE][PASSED] - All options with value '1' are selected in object 'Object Repository/signup/signup/select_question'  using regular expression

2017-11-13 11:22:54 - [TEST_STEP][PASSED] - setText: Text 'Dog' is set on object 'Object Repository/signup/signup/input_answer'

2017-11-13 11:22:54 - [MESSAGE][PASSED] - Text 'Dog' is set on object 'Object Repository/signup/signup/input_answer'

2017-11-13 11:22:54 - [TEST_STEP][FAILED] - verifyElementNotClickable: Object 'Object Repository/signup/signup/button_Sign Up' is clickable

2017-11-13 11:22:55 - [MESSAGE][FAILED] - Object 'Object Repository/signup/signup/button_Sign Up' is clickable
[[ATTACHMENT|D:\\Github\\Guru-TMDA\\Reports\\Basic\\20171113_112155\\1510546975092.png]]

2017-11-13 11:22:55 - [TEST_STEP][FAILED] - uploadFile: Unable to upload file 'C:\Penguins.jpg' to object 'Object Repository/signup/signup/input_file-input' (Root cause: org.openqa.selenium.WebDriverException: invalid argument: File not found : C:\Penguins.jpg
  (Session info: chrome=62.0.3202.89)
  (Driver info: chromedriver=2.33.506120 (e3e53437346286c0bc2d2dc9aa4915ba81d9023f),platform=Windows NT 10.0.15063 x86_64) (WARNING: The server did not provide any stacktrace information)
Command duration or timeout: 24 milliseconds
Build info: version: '2.53.0', revision: '35ae25b', time: '2016-03-15 17:00:58'
System info: host: 'PIEW-LAPTOP', ip: '192.168.11.220', os.name: 'Windows 10', os.arch: 'amd64', os.version: '10.0', java.version: '1.8.0_102'
Driver info: com.kms.katalon.selenium.driver.CChromeDriver
Capabilities [{applicationCacheEnabled=false, rotatable=false, mobileEmulationEnabled=false, networkConnectionEnabled=false, chrome={chromedriverVersion=2.33.506120 (e3e53437346286c0bc2d2dc9aa4915ba81d9023f), userDataDir=C:\Users\573021~1\AppData\Local\Temp\scoped_dir8392_6411}, takesHeapSnapshot=true, pageLoadStrategy=normal, databaseEnabled=false, handlesAlerts=true, hasTouchScreen=false, version=62.0.3202.89, platform=XP, browserConnectionEnabled=false, nativeEvents=true, acceptSslCerts=true, locationContextEnabled=true, webStorageEnabled=true, browserName=chrome, takesScreenshot=true, javascriptEnabled=true, cssSelectorsEnabled=true, setWindowRect=true, unexpectedAlertBehaviour=}]
Session ID: e4634b6423db1b44531899e4ae402e6d)

2017-11-13 11:22:55 - [MESSAGE][FAILED] - Unable to upload file 'C:\Penguins.jpg' to object 'Object Repository/signup/signup/input_file-input' (Root cause: org.openqa.selenium.WebDriverException: invalid argument: File not found : C:\Penguins.jpg
  (Session info: chrome=62.0.3202.89)
  (Driver info: chromedriver=2.33.506120 (e3e53437346286c0bc2d2dc9aa4915ba81d9023f),platform=Windows NT 10.0.15063 x86_64) (WARNING: The server did not provide any stacktrace information)
Command duration or timeout: 24 milliseconds
Build info: version: '2.53.0', revision: '35ae25b', time: '2016-03-15 17:00:58'
System info: host: 'PIEW-LAPTOP', ip: '192.168.11.220', os.name: 'Windows 10', os.arch: 'amd64', os.version: '10.0', java.version: '1.8.0_102'
Driver info: com.kms.katalon.selenium.driver.CChromeDriver
Capabilities [{applicationCacheEnabled=false, rotatable=false, mobileEmulationEnabled=false, networkConnectionEnabled=false, chrome={chromedriverVersion=2.33.506120 (e3e53437346286c0bc2d2dc9aa4915ba81d9023f), userDataDir=C:\Users\573021~1\AppData\Local\Temp\scoped_dir8392_6411}, takesHeapSnapshot=true, pageLoadStrategy=normal, databaseEnabled=false, handlesAlerts=true, hasTouchScreen=false, version=62.0.3202.89, platform=XP, browserConnectionEnabled=false, nativeEvents=true, acceptSslCerts=true, locationContextEnabled=true, webStorageEnabled=true, browserName=chrome, takesScreenshot=true, javascriptEnabled=true, cssSelectorsEnabled=true, setWindowRect=true, unexpectedAlertBehaviour=}]
Session ID: e4634b6423db1b44531899e4ae402e6d)
[[ATTACHMENT|D:\\Github\\Guru-TMDA\\Reports\\Basic\\20171113_112155\\1510546975563.png]]]]></system-out>
         <system-err><![CDATA[2017-11-13 11:22:50 - [TEST_CASE][FAILED] - Test Cases/2. Login/Sign Up: Test Cases/2. Login/Sign Up FAILED because (of) Object 'Object Repository/signup/signup/button_Sign Up' is clickable]]></system-err>
      </testcase>
      <testcase name="Test Cases/2. Login/Login" classname="Test Cases/2. Login/Login" status="FAILED">
         <failure type="FAILED" message="Unable to click on object 'Object Repository/Page_Guru TMDA/span_Login' (Root cause: com.kms.katalon.core.webui.exception.WebElementNotFoundException: Web element with id: 'Object Repository/Page_Guru TMDA/span_Login' located by 'By.xpath: //span[count(. | //*[contains(.,'Login')]) = count(//*[contains(.,'Login')])]' not found)"/>
         <system-out><![CDATA[2017-11-13 11:22:55 - [TEST_CASE][FAILED] - Test Cases/2. Login/Login: Test Cases/2. Login/Login FAILED because (of) Unable to click on object 'Object Repository/Page_Guru TMDA/span_Login' (Root cause: com.kms.katalon.core.webui.exception.WebElementNotFoundException: Web element with id: 'Object Repository/Page_Guru TMDA/span_Login' located by 'By.xpath: //span[count(. | //*[contains(.,'Login')]) = count(//*[contains(.,'Login')])]' not found)

2017-11-13 11:22:56 - [TEST_STEP][NOT_RUN] - openBrowser: NOT_RUN: openBrowser

2017-11-13 11:22:56 - [MESSAGE][NOT_RUN] - NOT_RUN: openBrowser

2017-11-13 11:22:56 - [TEST_STEP][NOT_RUN] - maximizeWindow: NOT_RUN: maximizeWindow

2017-11-13 11:22:56 - [MESSAGE][NOT_RUN] - NOT_RUN: maximizeWindow

2017-11-13 11:22:56 - [TEST_STEP][NOT_RUN] - navigateToUrl: NOT_RUN: navigateToUrl

2017-11-13 11:22:56 - [MESSAGE][NOT_RUN] - NOT_RUN: navigateToUrl

2017-11-13 11:22:56 - [TEST_STEP][FAILED] - click: Unable to click on object 'Object Repository/Page_Guru TMDA/span_Login' (Root cause: com.kms.katalon.core.webui.exception.WebElementNotFoundException: Web element with id: 'Object Repository/Page_Guru TMDA/span_Login' located by 'By.xpath: //span[count(. | //*[contains(.,'Login')]) = count(//*[contains(.,'Login')])]' not found)

2017-11-13 11:23:27 - [MESSAGE][FAILED] - Unable to click on object 'Object Repository/Page_Guru TMDA/span_Login' (Root cause: com.kms.katalon.core.webui.exception.WebElementNotFoundException: Web element with id: 'Object Repository/Page_Guru TMDA/span_Login' located by 'By.xpath: //span[count(. | //*[contains(.,'Login')]) = count(//*[contains(.,'Login')])]' not found)
[[ATTACHMENT|D:\\Github\\Guru-TMDA\\Reports\\Basic\\20171113_112155\\1510547007144.png]]]]></system-out>
         <system-err><![CDATA[2017-11-13 11:22:55 - [TEST_CASE][FAILED] - Test Cases/2. Login/Login: Test Cases/2. Login/Login FAILED because (of) Unable to click on object 'Object Repository/Page_Guru TMDA/span_Login' (Root cause: com.kms.katalon.core.webui.exception.WebElementNotFoundException: Web element with id: 'Object Repository/Page_Guru TMDA/span_Login' located by 'By.xpath: //span[count(. | //*[contains(.,'Login')]) = count(//*[contains(.,'Login')])]' not found)]]></system-err>
      </testcase>
      <testcase name="Test Cases/3. Menu Text Prediction/Single Verbatim with login" classname="Test Cases/3. Menu Text Prediction/Single Verbatim with login" status="FAILED">
         <failure type="FAILED" message="Unable to click on object 'Object Repository/Page single/Page_Guru TMDA/button_btn btn-link' (Root cause: com.kms.katalon.core.webui.exception.WebElementNotFoundException: Web element with id: 'Object Repository/Page single/Page_Guru TMDA/button_btn btn-link' located by 'By.xpath: //button[count(. | id(&quot;main-content&quot;)/div[@class=&quot;row&quot;]/div[@class=&quot;col-sm-6 col-sm-offset-3&quot;]/form[@class=&quot;ng-untouched ng-pristine ng-valid&quot;]/button[@class=&quot;btn btn-link&quot;]) = count(id(&quot;main-content&quot;)/div[@class=&quot;row&quot;]/div[@class=&quot;col-sm-6 col-sm-offset-3&quot;]/form[@class=&quot;ng-untouched ng-pristine ng-valid&quot;]/button[@class=&quot;btn btn-link&quot;])][count(. | //*[@type = 'submit']) = count(//*[@type = 'submit'])][count(. | //*[@class = 'btn btn-link']) = count(//*[@class = 'btn btn-link'])]' not found)"/>
         <system-out><![CDATA[2017-11-13 11:23:27 - [TEST_CASE][FAILED] - Test Cases/3. Menu Text Prediction/Single Verbatim with login: Test Cases/3. Menu Text Prediction/Single Verbatim with login FAILED because (of) Unable to click on object 'Object Repository/Page single/Page_Guru TMDA/button_btn btn-link' (Root cause: com.kms.katalon.core.webui.exception.WebElementNotFoundException: Web element with id: 'Object Repository/Page single/Page_Guru TMDA/button_btn btn-link' located by 'By.xpath: //button[count(. | id("main-content")/div[@class="row"]/div[@class="col-sm-6 col-sm-offset-3"]/form[@class="ng-untouched ng-pristine ng-valid"]/button[@class="btn btn-link"]) = count(id("main-content")/div[@class="row"]/div[@class="col-sm-6 col-sm-offset-3"]/form[@class="ng-untouched ng-pristine ng-valid"]/button[@class="btn btn-link"])][count(. | //*[@type = 'submit']) = count(//*[@type = 'submit'])][count(. | //*[@class = 'btn btn-link']) = count(//*[@class = 'btn btn-link'])]' not found)

2017-11-13 11:23:27 - [TEST_STEP][NOT_RUN] - openBrowser: NOT_RUN: openBrowser

2017-11-13 11:23:27 - [MESSAGE][NOT_RUN] - NOT_RUN: openBrowser

2017-11-13 11:23:27 - [TEST_STEP][NOT_RUN] - maximizeWindow: NOT_RUN: maximizeWindow

2017-11-13 11:23:27 - [MESSAGE][NOT_RUN] - NOT_RUN: maximizeWindow

2017-11-13 11:23:27 - [TEST_STEP][NOT_RUN] - navigateToUrl: NOT_RUN: navigateToUrl

2017-11-13 11:23:27 - [MESSAGE][NOT_RUN] - NOT_RUN: navigateToUrl

2017-11-13 11:23:27 - [TEST_STEP][NOT_RUN] - click: NOT_RUN: click

2017-11-13 11:23:27 - [MESSAGE][NOT_RUN] - NOT_RUN: click

2017-11-13 11:23:27 - [TEST_STEP][NOT_RUN] - setText: NOT_RUN: setText

2017-11-13 11:23:27 - [MESSAGE][NOT_RUN] - NOT_RUN: setText

2017-11-13 11:23:27 - [TEST_STEP][NOT_RUN] - setText: NOT_RUN: setText

2017-11-13 11:23:27 - [MESSAGE][NOT_RUN] - NOT_RUN: setText

2017-11-13 11:23:27 - [TEST_STEP][NOT_RUN] - click: NOT_RUN: click

2017-11-13 11:23:27 - [MESSAGE][NOT_RUN] - NOT_RUN: click

2017-11-13 11:23:27 - [TEST_STEP][FAILED] - click: Unable to click on object 'Object Repository/Page single/Page_Guru TMDA/button_btn btn-link' (Root cause: com.kms.katalon.core.webui.exception.WebElementNotFoundException: Web element with id: 'Object Repository/Page single/Page_Guru TMDA/button_btn btn-link' located by 'By.xpath: //button[count(. | id("main-content")/div[@class="row"]/div[@class="col-sm-6 col-sm-offset-3"]/form[@class="ng-untouched ng-pristine ng-valid"]/button[@class="btn btn-link"]) = count(id("main-content")/div[@class="row"]/div[@class="col-sm-6 col-sm-offset-3"]/form[@class="ng-untouched ng-pristine ng-valid"]/button[@class="btn btn-link"])][count(. | //*[@type = 'submit']) = count(//*[@type = 'submit'])][count(. | //*[@class = 'btn btn-link']) = count(//*[@class = 'btn btn-link'])]' not found)

2017-11-13 11:23:58 - [MESSAGE][FAILED] - Unable to click on object 'Object Repository/Page single/Page_Guru TMDA/button_btn btn-link' (Root cause: com.kms.katalon.core.webui.exception.WebElementNotFoundException: Web element with id: 'Object Repository/Page single/Page_Guru TMDA/button_btn btn-link' located by 'By.xpath: //button[count(. | id("main-content")/div[@class="row"]/div[@class="col-sm-6 col-sm-offset-3"]/form[@class="ng-untouched ng-pristine ng-valid"]/button[@class="btn btn-link"]) = count(id("main-content")/div[@class="row"]/div[@class="col-sm-6 col-sm-offset-3"]/form[@class="ng-untouched ng-pristine ng-valid"]/button[@class="btn btn-link"])][count(. | //*[@type = 'submit']) = count(//*[@type = 'submit'])][count(. | //*[@class = 'btn btn-link']) = count(//*[@class = 'btn btn-link'])]' not found)
[[ATTACHMENT|D:\\Github\\Guru-TMDA\\Reports\\Basic\\20171113_112155\\1510547038545.png]]

2017-11-13 11:23:58 - [TEST_STEP][FAILED] - verifyElementPresent: com.kms.katalon.core.webui.exception.WebElementNotFoundException: Web element with id: 'Object Repository/single verbatim with login/span_Verbatim is not null' located by 'By.xpath: //span[count(. | //*[contains(.,'Verbatim is not null')]) = count(//*[contains(.,'Verbatim is not null')])]' not found

2017-11-13 11:24:01 - [MESSAGE][FAILED] - com.kms.katalon.core.webui.exception.WebElementNotFoundException: Web element with id: 'Object Repository/single verbatim with login/span_Verbatim is not null' located by 'By.xpath: //span[count(. | //*[contains(.,'Verbatim is not null')]) = count(//*[contains(.,'Verbatim is not null')])]' not found
[[ATTACHMENT|D:\\Github\\Guru-TMDA\\Reports\\Basic\\20171113_112155\\1510547040881.png]]

2017-11-13 11:24:01 - [TEST_STEP][FAILED] - setText: Unable to set text 'บริการดีแต่รอคิวนาน' of object 'Object Repository/Page_Guru TMDA (2)/input_input-text w3-large inpu' (Root cause: com.kms.katalon.core.webui.exception.WebElementNotFoundException: Web element with id: 'Object Repository/Page_Guru TMDA (2)/input_input-text w3-large inpu' located by 'By.xpath: //input[count(. | //*[@placeholder = 'Input SMS Message']) = count(//*[@placeholder = 'Input SMS Message'])]' not found)

2017-11-13 11:24:32 - [MESSAGE][FAILED] - Unable to set text 'บริการดีแต่รอคิวนาน' of object 'Object Repository/Page_Guru TMDA (2)/input_input-text w3-large inpu' (Root cause: com.kms.katalon.core.webui.exception.WebElementNotFoundException: Web element with id: 'Object Repository/Page_Guru TMDA (2)/input_input-text w3-large inpu' located by 'By.xpath: //input[count(. | //*[@placeholder = 'Input SMS Message']) = count(//*[@placeholder = 'Input SMS Message'])]' not found)
[[ATTACHMENT|D:\\Github\\Guru-TMDA\\Reports\\Basic\\20171113_112155\\1510547071948.png]]

2017-11-13 11:24:32 - [TEST_STEP][FAILED] - click: Unable to click on object 'Object Repository/Page single/Page_Guru TMDA/button_btn btn-link' (Root cause: com.kms.katalon.core.webui.exception.WebElementNotFoundException: Web element with id: 'Object Repository/Page single/Page_Guru TMDA/button_btn btn-link' located by 'By.xpath: //button[count(. | id("main-content")/div[@class="row"]/div[@class="col-sm-6 col-sm-offset-3"]/form[@class="ng-untouched ng-pristine ng-valid"]/button[@class="btn btn-link"]) = count(id("main-content")/div[@class="row"]/div[@class="col-sm-6 col-sm-offset-3"]/form[@class="ng-untouched ng-pristine ng-valid"]/button[@class="btn btn-link"])][count(. | //*[@type = 'submit']) = count(//*[@type = 'submit'])][count(. | //*[@class = 'btn btn-link']) = count(//*[@class = 'btn btn-link'])]' not found)

2017-11-13 11:25:03 - [MESSAGE][FAILED] - Unable to click on object 'Object Repository/Page single/Page_Guru TMDA/button_btn btn-link' (Root cause: com.kms.katalon.core.webui.exception.WebElementNotFoundException: Web element with id: 'Object Repository/Page single/Page_Guru TMDA/button_btn btn-link' located by 'By.xpath: //button[count(. | id("main-content")/div[@class="row"]/div[@class="col-sm-6 col-sm-offset-3"]/form[@class="ng-untouched ng-pristine ng-valid"]/button[@class="btn btn-link"]) = count(id("main-content")/div[@class="row"]/div[@class="col-sm-6 col-sm-offset-3"]/form[@class="ng-untouched ng-pristine ng-valid"]/button[@class="btn btn-link"])][count(. | //*[@type = 'submit']) = count(//*[@type = 'submit'])][count(. | //*[@class = 'btn btn-link']) = count(//*[@class = 'btn btn-link'])]' not found)
[[ATTACHMENT|D:\\Github\\Guru-TMDA\\Reports\\Basic\\20171113_112155\\1510547102845.png]]

2017-11-13 11:25:03 - [TEST_STEP][FAILED] - verifyElementPresent: com.kms.katalon.core.webui.exception.WebElementNotFoundException: Web element with id: 'Object Repository/Page_Guru TMDA (2)/div_row' located by 'By.xpath: //div[count(. | id("main-content")/div[@class="row w3-padding-16 w3-margin-top centurygothic-font"]/div[@class="col-sm-6 col-sm-offset-3"]/div[@class="predict-result"]/div[@class="row"]) = count(id("main-content")/div[@class="row w3-padding-16 w3-margin-top centurygothic-font"]/div[@class="col-sm-6 col-sm-offset-3"]/div[@class="predict-result"]/div[@class="row"])]' not found

2017-11-13 11:25:23 - [MESSAGE][FAILED] - com.kms.katalon.core.webui.exception.WebElementNotFoundException: Web element with id: 'Object Repository/Page_Guru TMDA (2)/div_row' located by 'By.xpath: //div[count(. | id("main-content")/div[@class="row w3-padding-16 w3-margin-top centurygothic-font"]/div[@class="col-sm-6 col-sm-offset-3"]/div[@class="predict-result"]/div[@class="row"]) = count(id("main-content")/div[@class="row w3-padding-16 w3-margin-top centurygothic-font"]/div[@class="col-sm-6 col-sm-offset-3"]/div[@class="predict-result"]/div[@class="row"])]' not found
[[ATTACHMENT|D:\\Github\\Guru-TMDA\\Reports\\Basic\\20171113_112155\\1510547123609.png]]

2017-11-13 11:25:23 - [TEST_STEP][FAILED] - verifyElementPresent: com.kms.katalon.core.webui.exception.WebElementNotFoundException: Web element with id: 'Object Repository/Page_Guru TMDA (2)/div_predict-result' located by 'By.xpath: //div[count(. | id("main-content")/div[@class="row w3-padding-16 w3-margin-top centurygothic-font"]/div[@class="col-sm-6 col-sm-offset-3"]/div[@class="predict-result"]) = count(id("main-content")/div[@class="row w3-padding-16 w3-margin-top centurygothic-font"]/div[@class="col-sm-6 col-sm-offset-3"]/div[@class="predict-result"])]' not found

2017-11-13 11:25:44 - [MESSAGE][FAILED] - com.kms.katalon.core.webui.exception.WebElementNotFoundException: Web element with id: 'Object Repository/Page_Guru TMDA (2)/div_predict-result' located by 'By.xpath: //div[count(. | id("main-content")/div[@class="row w3-padding-16 w3-margin-top centurygothic-font"]/div[@class="col-sm-6 col-sm-offset-3"]/div[@class="predict-result"]) = count(id("main-content")/div[@class="row w3-padding-16 w3-margin-top centurygothic-font"]/div[@class="col-sm-6 col-sm-offset-3"]/div[@class="predict-result"])]' not found
[[ATTACHMENT|D:\\Github\\Guru-TMDA\\Reports\\Basic\\20171113_112155\\1510547144411.png]]

2017-11-13 11:25:44 - [TEST_STEP][FAILED] - setText: Unable to set text 'โคยยยยย' of object 'Object Repository/Page_Guru TMDA (2)/input_input-text w3-large inpu' (Root cause: com.kms.katalon.core.webui.exception.WebElementNotFoundException: Web element with id: 'Object Repository/Page_Guru TMDA (2)/input_input-text w3-large inpu' located by 'By.xpath: //input[count(. | //*[@placeholder = 'Input SMS Message']) = count(//*[@placeholder = 'Input SMS Message'])]' not found)

2017-11-13 11:26:15 - [MESSAGE][FAILED] - Unable to set text 'โคยยยยย' of object 'Object Repository/Page_Guru TMDA (2)/input_input-text w3-large inpu' (Root cause: com.kms.katalon.core.webui.exception.WebElementNotFoundException: Web element with id: 'Object Repository/Page_Guru TMDA (2)/input_input-text w3-large inpu' located by 'By.xpath: //input[count(. | //*[@placeholder = 'Input SMS Message']) = count(//*[@placeholder = 'Input SMS Message'])]' not found)
[[ATTACHMENT|D:\\Github\\Guru-TMDA\\Reports\\Basic\\20171113_112155\\1510547175336.png]]

2017-11-13 11:26:15 - [TEST_STEP][PASSED] - click: Object: 'Object Repository/single verbatim with login//button_btn btn-link' is clicked on

2017-11-13 11:26:15 - [MESSAGE][PASSED] - Object: 'Object Repository/single verbatim with login//button_btn btn-link' is clicked on

2017-11-13 11:26:15 - [TEST_STEP][FAILED] - verifyElementPresent: com.kms.katalon.core.webui.exception.WebElementNotFoundException: Web element with id: 'Object Repository/Page_Guru TMDA (2)/div_predict-result' located by 'By.xpath: //div[count(. | id("main-content")/div[@class="row w3-padding-16 w3-margin-top centurygothic-font"]/div[@class="col-sm-6 col-sm-offset-3"]/div[@class="predict-result"]) = count(id("main-content")/div[@class="row w3-padding-16 w3-margin-top centurygothic-font"]/div[@class="col-sm-6 col-sm-offset-3"]/div[@class="predict-result"])]' not found

2017-11-13 11:26:36 - [MESSAGE][FAILED] - com.kms.katalon.core.webui.exception.WebElementNotFoundException: Web element with id: 'Object Repository/Page_Guru TMDA (2)/div_predict-result' located by 'By.xpath: //div[count(. | id("main-content")/div[@class="row w3-padding-16 w3-margin-top centurygothic-font"]/div[@class="col-sm-6 col-sm-offset-3"]/div[@class="predict-result"]) = count(id("main-content")/div[@class="row w3-padding-16 w3-margin-top centurygothic-font"]/div[@class="col-sm-6 col-sm-offset-3"]/div[@class="predict-result"])]' not found
[[ATTACHMENT|D:\\Github\\Guru-TMDA\\Reports\\Basic\\20171113_112155\\1510547196209.png]]

2017-11-13 11:26:36 - [TEST_STEP][FAILED] - verifyElementPresent: com.kms.katalon.core.webui.exception.WebElementNotFoundException: Web element with id: 'Object Repository/single verbatim with login/img' located by 'By.xpath: //img[count(. | //*[@src = '/assets/img/ico-danger.png']) = count(//*[@src = '/assets/img/ico-danger.png'])][count(. | //*[@width = '35px']) = count(//*[@width = '35px'])][count(. | id("main-content")/div[@class="row w3-padding-16 w3-margin-top centurygothic-font"]/div[@class="col-sm-6 col-sm-offset-3"]/div[@class="predict-result"]/div[@class="critical"]/img[1]) = count(id("main-content")/div[@class="row w3-padding-16 w3-margin-top centurygothic-font"]/div[@class="col-sm-6 col-sm-offset-3"]/div[@class="predict-result"]/div[@class="critical"]/img[1])]' not found

2017-11-13 11:26:57 - [MESSAGE][FAILED] - com.kms.katalon.core.webui.exception.WebElementNotFoundException: Web element with id: 'Object Repository/single verbatim with login/img' located by 'By.xpath: //img[count(. | //*[@src = '/assets/img/ico-danger.png']) = count(//*[@src = '/assets/img/ico-danger.png'])][count(. | //*[@width = '35px']) = count(//*[@width = '35px'])][count(. | id("main-content")/div[@class="row w3-padding-16 w3-margin-top centurygothic-font"]/div[@class="col-sm-6 col-sm-offset-3"]/div[@class="predict-result"]/div[@class="critical"]/img[1]) = count(id("main-content")/div[@class="row w3-padding-16 w3-margin-top centurygothic-font"]/div[@class="col-sm-6 col-sm-offset-3"]/div[@class="predict-result"]/div[@class="critical"]/img[1])]' not found
[[ATTACHMENT|D:\\Github\\Guru-TMDA\\Reports\\Basic\\20171113_112155\\1510547216869.png]]

2017-11-13 11:26:57 - [TEST_STEP][NOT_RUN] - closeBrowser: NOT_RUN: closeBrowser

2017-11-13 11:26:57 - [MESSAGE][NOT_RUN] - NOT_RUN: closeBrowser]]></system-out>
         <system-err><![CDATA[2017-11-13 11:23:27 - [TEST_CASE][FAILED] - Test Cases/3. Menu Text Prediction/Single Verbatim with login: Test Cases/3. Menu Text Prediction/Single Verbatim with login FAILED because (of) Unable to click on object 'Object Repository/Page single/Page_Guru TMDA/button_btn btn-link' (Root cause: com.kms.katalon.core.webui.exception.WebElementNotFoundException: Web element with id: 'Object Repository/Page single/Page_Guru TMDA/button_btn btn-link' located by 'By.xpath: //button[count(. | id("main-content")/div[@class="row"]/div[@class="col-sm-6 col-sm-offset-3"]/form[@class="ng-untouched ng-pristine ng-valid"]/button[@class="btn btn-link"]) = count(id("main-content")/div[@class="row"]/div[@class="col-sm-6 col-sm-offset-3"]/form[@class="ng-untouched ng-pristine ng-valid"]/button[@class="btn btn-link"])][count(. | //*[@type = 'submit']) = count(//*[@type = 'submit'])][count(. | //*[@class = 'btn btn-link']) = count(//*[@class = 'btn btn-link'])]' not found)]]></system-err>
      </testcase>
      <testcase name="Test Cases/3. Menu Text Prediction/Upload File without labelling" classname="Test Cases/3. Menu Text Prediction/Upload File without labelling" status="FAILED">
         <failure type="FAILED" message="Unable to click on object 'Object Repository/Page_Guru TMDA (3)/a_Text Prediction' (Root cause: com.kms.katalon.core.webui.exception.WebElementNotFoundException: Web element with id: 'Object Repository/Page_Guru TMDA (3)/a_Text Prediction' located by 'By.xpath: //a[count(. | //*[@href = 'javascript:void(0)']) = count(//*[@href = 'javascript:void(0)'])][count(. | //*[@id = 'dropdownMenu1']) = count(//*[@id = 'dropdownMenu1'])][count(. | //*[contains(.,'Text Prediction')]) = count(//*[contains(.,'Text Prediction')])]' not found)"/>
         <system-out><![CDATA[2017-11-13 11:26:57 - [TEST_CASE][FAILED] - Test Cases/3. Menu Text Prediction/Upload File without labelling: Test Cases/3. Menu Text Prediction/Upload File without labelling FAILED because (of) Unable to click on object 'Object Repository/Page_Guru TMDA (3)/a_Text Prediction' (Root cause: com.kms.katalon.core.webui.exception.WebElementNotFoundException: Web element with id: 'Object Repository/Page_Guru TMDA (3)/a_Text Prediction' located by 'By.xpath: //a[count(. | //*[@href = 'javascript:void(0)']) = count(//*[@href = 'javascript:void(0)'])][count(. | //*[@id = 'dropdownMenu1']) = count(//*[@id = 'dropdownMenu1'])][count(. | //*[contains(.,'Text Prediction')]) = count(//*[contains(.,'Text Prediction')])]' not found)

2017-11-13 11:26:57 - [TEST_STEP][NOT_RUN] - openBrowser: NOT_RUN: openBrowser

2017-11-13 11:26:57 - [MESSAGE][NOT_RUN] - NOT_RUN: openBrowser

2017-11-13 11:26:57 - [TEST_STEP][NOT_RUN] - maximizeWindow: NOT_RUN: maximizeWindow

2017-11-13 11:26:57 - [MESSAGE][NOT_RUN] - NOT_RUN: maximizeWindow

2017-11-13 11:26:57 - [TEST_STEP][NOT_RUN] - navigateToUrl: NOT_RUN: navigateToUrl

2017-11-13 11:26:57 - [MESSAGE][NOT_RUN] - NOT_RUN: navigateToUrl

2017-11-13 11:26:57 - [TEST_STEP][NOT_RUN] - click: NOT_RUN: click

2017-11-13 11:26:57 - [MESSAGE][NOT_RUN] - NOT_RUN: click

2017-11-13 11:26:57 - [TEST_STEP][NOT_RUN] - setText: NOT_RUN: setText

2017-11-13 11:26:57 - [MESSAGE][NOT_RUN] - NOT_RUN: setText

2017-11-13 11:26:57 - [TEST_STEP][NOT_RUN] - setText: NOT_RUN: setText

2017-11-13 11:26:57 - [MESSAGE][NOT_RUN] - NOT_RUN: setText

2017-11-13 11:26:57 - [TEST_STEP][NOT_RUN] - click: NOT_RUN: click

2017-11-13 11:26:57 - [MESSAGE][NOT_RUN] - NOT_RUN: click

2017-11-13 11:26:57 - [TEST_STEP][FAILED] - click: Unable to click on object 'Object Repository/Page_Guru TMDA (3)/a_Text Prediction' (Root cause: com.kms.katalon.core.webui.exception.WebElementNotFoundException: Web element with id: 'Object Repository/Page_Guru TMDA (3)/a_Text Prediction' located by 'By.xpath: //a[count(. | //*[@href = 'javascript:void(0)']) = count(//*[@href = 'javascript:void(0)'])][count(. | //*[@id = 'dropdownMenu1']) = count(//*[@id = 'dropdownMenu1'])][count(. | //*[contains(.,'Text Prediction')]) = count(//*[contains(.,'Text Prediction')])]' not found)

2017-11-13 11:27:28 - [MESSAGE][FAILED] - Unable to click on object 'Object Repository/Page_Guru TMDA (3)/a_Text Prediction' (Root cause: com.kms.katalon.core.webui.exception.WebElementNotFoundException: Web element with id: 'Object Repository/Page_Guru TMDA (3)/a_Text Prediction' located by 'By.xpath: //a[count(. | //*[@href = 'javascript:void(0)']) = count(//*[@href = 'javascript:void(0)'])][count(. | //*[@id = 'dropdownMenu1']) = count(//*[@id = 'dropdownMenu1'])][count(. | //*[contains(.,'Text Prediction')]) = count(//*[contains(.,'Text Prediction')])]' not found)
[[ATTACHMENT|D:\\Github\\Guru-TMDA\\Reports\\Basic\\20171113_112155\\1510547248256.png]]]]></system-out>
         <system-err><![CDATA[2017-11-13 11:26:57 - [TEST_CASE][FAILED] - Test Cases/3. Menu Text Prediction/Upload File without labelling: Test Cases/3. Menu Text Prediction/Upload File without labelling FAILED because (of) Unable to click on object 'Object Repository/Page_Guru TMDA (3)/a_Text Prediction' (Root cause: com.kms.katalon.core.webui.exception.WebElementNotFoundException: Web element with id: 'Object Repository/Page_Guru TMDA (3)/a_Text Prediction' located by 'By.xpath: //a[count(. | //*[@href = 'javascript:void(0)']) = count(//*[@href = 'javascript:void(0)'])][count(. | //*[@id = 'dropdownMenu1']) = count(//*[@id = 'dropdownMenu1'])][count(. | //*[contains(.,'Text Prediction')]) = count(//*[contains(.,'Text Prediction')])]' not found)]]></system-err>
      </testcase>
      <testcase name="Test Cases/3. Menu Text Prediction/Upload File with labelling" classname="Test Cases/3. Menu Text Prediction/Upload File with labelling" status="FAILED">
         <failure type="FAILED" message="Unable to click on object 'Object Repository/Page_Guru TMDA (3)/a_Text Prediction' (Root cause: com.kms.katalon.core.webui.exception.WebElementNotFoundException: Web element with id: 'Object Repository/Page_Guru TMDA (3)/a_Text Prediction' located by 'By.xpath: //a[count(. | //*[@href = 'javascript:void(0)']) = count(//*[@href = 'javascript:void(0)'])][count(. | //*[@id = 'dropdownMenu1']) = count(//*[@id = 'dropdownMenu1'])][count(. | //*[contains(.,'Text Prediction')]) = count(//*[contains(.,'Text Prediction')])]' not found)"/>
         <system-out><![CDATA[2017-11-13 11:27:28 - [TEST_CASE][FAILED] - Test Cases/3. Menu Text Prediction/Upload File with labelling: Test Cases/3. Menu Text Prediction/Upload File with labelling FAILED because (of) Unable to click on object 'Object Repository/Page_Guru TMDA (3)/a_Text Prediction' (Root cause: com.kms.katalon.core.webui.exception.WebElementNotFoundException: Web element with id: 'Object Repository/Page_Guru TMDA (3)/a_Text Prediction' located by 'By.xpath: //a[count(. | //*[@href = 'javascript:void(0)']) = count(//*[@href = 'javascript:void(0)'])][count(. | //*[@id = 'dropdownMenu1']) = count(//*[@id = 'dropdownMenu1'])][count(. | //*[contains(.,'Text Prediction')]) = count(//*[contains(.,'Text Prediction')])]' not found)

2017-11-13 11:27:28 - [TEST_STEP][NOT_RUN] - openBrowser: NOT_RUN: openBrowser

2017-11-13 11:27:28 - [MESSAGE][NOT_RUN] - NOT_RUN: openBrowser

2017-11-13 11:27:28 - [TEST_STEP][NOT_RUN] - maximizeWindow: NOT_RUN: maximizeWindow

2017-11-13 11:27:28 - [MESSAGE][NOT_RUN] - NOT_RUN: maximizeWindow

2017-11-13 11:27:28 - [TEST_STEP][NOT_RUN] - navigateToUrl: NOT_RUN: navigateToUrl

2017-11-13 11:27:28 - [MESSAGE][NOT_RUN] - NOT_RUN: navigateToUrl

2017-11-13 11:27:28 - [TEST_STEP][NOT_RUN] - click: NOT_RUN: click

2017-11-13 11:27:28 - [MESSAGE][NOT_RUN] - NOT_RUN: click

2017-11-13 11:27:28 - [TEST_STEP][NOT_RUN] - setText: NOT_RUN: setText

2017-11-13 11:27:28 - [MESSAGE][NOT_RUN] - NOT_RUN: setText

2017-11-13 11:27:28 - [TEST_STEP][NOT_RUN] - setText: NOT_RUN: setText

2017-11-13 11:27:28 - [MESSAGE][NOT_RUN] - NOT_RUN: setText

2017-11-13 11:27:28 - [TEST_STEP][NOT_RUN] - click: NOT_RUN: click

2017-11-13 11:27:28 - [MESSAGE][NOT_RUN] - NOT_RUN: click

2017-11-13 11:27:28 - [TEST_STEP][FAILED] - click: Unable to click on object 'Object Repository/Page_Guru TMDA (3)/a_Text Prediction' (Root cause: com.kms.katalon.core.webui.exception.WebElementNotFoundException: Web element with id: 'Object Repository/Page_Guru TMDA (3)/a_Text Prediction' located by 'By.xpath: //a[count(. | //*[@href = 'javascript:void(0)']) = count(//*[@href = 'javascript:void(0)'])][count(. | //*[@id = 'dropdownMenu1']) = count(//*[@id = 'dropdownMenu1'])][count(. | //*[contains(.,'Text Prediction')]) = count(//*[contains(.,'Text Prediction')])]' not found)

2017-11-13 11:27:59 - [MESSAGE][FAILED] - Unable to click on object 'Object Repository/Page_Guru TMDA (3)/a_Text Prediction' (Root cause: com.kms.katalon.core.webui.exception.WebElementNotFoundException: Web element with id: 'Object Repository/Page_Guru TMDA (3)/a_Text Prediction' located by 'By.xpath: //a[count(. | //*[@href = 'javascript:void(0)']) = count(//*[@href = 'javascript:void(0)'])][count(. | //*[@id = 'dropdownMenu1']) = count(//*[@id = 'dropdownMenu1'])][count(. | //*[contains(.,'Text Prediction')]) = count(//*[contains(.,'Text Prediction')])]' not found)
[[ATTACHMENT|D:\\Github\\Guru-TMDA\\Reports\\Basic\\20171113_112155\\1510547279446.png]]]]></system-out>
         <system-err><![CDATA[2017-11-13 11:27:28 - [TEST_CASE][FAILED] - Test Cases/3. Menu Text Prediction/Upload File with labelling: Test Cases/3. Menu Text Prediction/Upload File with labelling FAILED because (of) Unable to click on object 'Object Repository/Page_Guru TMDA (3)/a_Text Prediction' (Root cause: com.kms.katalon.core.webui.exception.WebElementNotFoundException: Web element with id: 'Object Repository/Page_Guru TMDA (3)/a_Text Prediction' located by 'By.xpath: //a[count(. | //*[@href = 'javascript:void(0)']) = count(//*[@href = 'javascript:void(0)'])][count(. | //*[@id = 'dropdownMenu1']) = count(//*[@id = 'dropdownMenu1'])][count(. | //*[contains(.,'Text Prediction')]) = count(//*[contains(.,'Text Prediction')])]' not found)]]></system-err>
      </testcase>
      <testcase name="Test Cases/3. Menu Text Prediction/Multiple Verbatim Predicted Result (Predicted in detail)" classname="Test Cases/3. Menu Text Prediction/Multiple Verbatim Predicted Result (Predicted in detail)" status="FAILED">
         <failure type="FAILED" message="Unable to click on object 'Object Repository/Predicted in details/Show All Multiple Verbatim Predicted Result/label_Select All' (Root cause: com.kms.katalon.core.webui.exception.WebElementNotFoundException: Web element with id: 'Object Repository/Predicted in details/Show All Multiple Verbatim Predicted Result/label_Select All' located by 'By.xpath: //label[count(. | //*[contains(.,' Select All')]) = count(//*[contains(.,' Select All')])]' not found)"/>
         <system-out><![CDATA[2017-11-13 11:27:59 - [TEST_CASE][FAILED] - Test Cases/3. Menu Text Prediction/Multiple Verbatim Predicted Result (Predicted in detail): Test Cases/3. Menu Text Prediction/Multiple Verbatim Predicted Result (Predicted in detail) FAILED because (of) Unable to click on object 'Object Repository/Predicted in details/Show All Multiple Verbatim Predicted Result/label_Select All' (Root cause: com.kms.katalon.core.webui.exception.WebElementNotFoundException: Web element with id: 'Object Repository/Predicted in details/Show All Multiple Verbatim Predicted Result/label_Select All' located by 'By.xpath: //label[count(. | //*[contains(.,' Select All')]) = count(//*[contains(.,' Select All')])]' not found)

2017-11-13 11:28:00 - [TEST_STEP][NOT_RUN] - openBrowser: NOT_RUN: openBrowser

2017-11-13 11:28:00 - [MESSAGE][NOT_RUN] - NOT_RUN: openBrowser

2017-11-13 11:28:00 - [TEST_STEP][NOT_RUN] - maximizeWindow: NOT_RUN: maximizeWindow

2017-11-13 11:28:00 - [MESSAGE][NOT_RUN] - NOT_RUN: maximizeWindow

2017-11-13 11:28:00 - [TEST_STEP][NOT_RUN] - navigateToUrl: NOT_RUN: navigateToUrl

2017-11-13 11:28:00 - [MESSAGE][NOT_RUN] - NOT_RUN: navigateToUrl

2017-11-13 11:28:00 - [TEST_STEP][NOT_RUN] - click: NOT_RUN: click

2017-11-13 11:28:00 - [MESSAGE][NOT_RUN] - NOT_RUN: click

2017-11-13 11:28:00 - [TEST_STEP][NOT_RUN] - setText: NOT_RUN: setText

2017-11-13 11:28:00 - [MESSAGE][NOT_RUN] - NOT_RUN: setText

2017-11-13 11:28:00 - [TEST_STEP][NOT_RUN] - setText: NOT_RUN: setText

2017-11-13 11:28:00 - [MESSAGE][NOT_RUN] - NOT_RUN: setText

2017-11-13 11:28:00 - [TEST_STEP][NOT_RUN] - click: NOT_RUN: click

2017-11-13 11:28:00 - [MESSAGE][NOT_RUN] - NOT_RUN: click

2017-11-13 11:28:00 - [TEST_STEP][NOT_RUN] - click: NOT_RUN: click

2017-11-13 11:28:00 - [MESSAGE][NOT_RUN] - NOT_RUN: click

2017-11-13 11:28:00 - [TEST_STEP][NOT_RUN] - click: NOT_RUN: click

2017-11-13 11:28:00 - [MESSAGE][NOT_RUN] - NOT_RUN: click

2017-11-13 11:28:00 - [TEST_STEP][NOT_RUN] - uploadFile: NOT_RUN: uploadFile

2017-11-13 11:28:00 - [MESSAGE][NOT_RUN] - NOT_RUN: uploadFile

2017-11-13 11:28:00 - [TEST_STEP][NOT_RUN] - click: NOT_RUN: click

2017-11-13 11:28:00 - [MESSAGE][NOT_RUN] - NOT_RUN: click

2017-11-13 11:28:00 - [TEST_STEP][NOT_RUN] - waitForElementNotPresent: NOT_RUN: waitForElementNotPresent

2017-11-13 11:28:00 - [MESSAGE][NOT_RUN] - NOT_RUN: waitForElementNotPresent

2017-11-13 11:28:00 - [TEST_STEP][NOT_RUN] - click: NOT_RUN: click

2017-11-13 11:28:00 - [MESSAGE][NOT_RUN] - NOT_RUN: click

2017-11-13 11:28:00 - [TEST_STEP][NOT_RUN] - selectOptionByIndex: NOT_RUN: selectOptionByIndex

2017-11-13 11:28:00 - [MESSAGE][NOT_RUN] - NOT_RUN: selectOptionByIndex

2017-11-13 11:28:00 - [TEST_STEP][NOT_RUN] - waitForElementPresent: NOT_RUN: waitForElementPresent

2017-11-13 11:28:00 - [MESSAGE][NOT_RUN] - NOT_RUN: waitForElementPresent

2017-11-13 11:28:00 - [TEST_STEP][NOT_RUN] - verifyElementPresent: NOT_RUN: verifyElementPresent

2017-11-13 11:28:00 - [MESSAGE][NOT_RUN] - NOT_RUN: verifyElementPresent

2017-11-13 11:28:00 - [TEST_STEP][NOT_RUN] - click: NOT_RUN: click

2017-11-13 11:28:00 - [MESSAGE][NOT_RUN] - NOT_RUN: click

2017-11-13 11:28:00 - [TEST_STEP][NOT_RUN] - waitForElementNotPresent: NOT_RUN: waitForElementNotPresent

2017-11-13 11:28:00 - [MESSAGE][NOT_RUN] - NOT_RUN: waitForElementNotPresent

2017-11-13 11:28:00 - [TEST_STEP][NOT_RUN] - waitForElementPresent: NOT_RUN: waitForElementPresent

2017-11-13 11:28:00 - [MESSAGE][NOT_RUN] - NOT_RUN: waitForElementPresent

2017-11-13 11:28:00 - [TEST_STEP][NOT_RUN] - scrollToElement: NOT_RUN: scrollToElement

2017-11-13 11:28:00 - [MESSAGE][NOT_RUN] - NOT_RUN: scrollToElement

2017-11-13 11:28:00 - [TEST_STEP][NOT_RUN] - click: NOT_RUN: click

2017-11-13 11:28:00 - [MESSAGE][NOT_RUN] - NOT_RUN: click

2017-11-13 11:28:00 - [TEST_STEP][NOT_RUN] - waitForElementNotPresent: NOT_RUN: waitForElementNotPresent

2017-11-13 11:28:00 - [MESSAGE][NOT_RUN] - NOT_RUN: waitForElementNotPresent

2017-11-13 11:28:00 - [TEST_STEP][PASSED] - waitForElementPresent: Object 'Object Repository/Predicted in details/Show All Multiple Verbatim Predicted Result/label_Select All' is not present after 7 second(s)

2017-11-13 11:28:07 - [MESSAGE][WARNING] - Object 'Object Repository/Predicted in details/Show All Multiple Verbatim Predicted Result/label_Select All' is not present after 7 second(s)

2017-11-13 11:28:07 - [TEST_STEP][FAILED] - click: Unable to click on object 'Object Repository/Predicted in details/Show All Multiple Verbatim Predicted Result/label_Select All' (Root cause: com.kms.katalon.core.webui.exception.WebElementNotFoundException: Web element with id: 'Object Repository/Predicted in details/Show All Multiple Verbatim Predicted Result/label_Select All' located by 'By.xpath: //label[count(. | //*[contains(.,' Select All')]) = count(//*[contains(.,' Select All')])]' not found)

2017-11-13 11:28:38 - [MESSAGE][FAILED] - Unable to click on object 'Object Repository/Predicted in details/Show All Multiple Verbatim Predicted Result/label_Select All' (Root cause: com.kms.katalon.core.webui.exception.WebElementNotFoundException: Web element with id: 'Object Repository/Predicted in details/Show All Multiple Verbatim Predicted Result/label_Select All' located by 'By.xpath: //label[count(. | //*[contains(.,' Select All')]) = count(//*[contains(.,' Select All')])]' not found)
[[ATTACHMENT|D:\\Github\\Guru-TMDA\\Reports\\Basic\\20171113_112155\\1510547318222.png]]]]></system-out>
         <system-err><![CDATA[2017-11-13 11:27:59 - [TEST_CASE][FAILED] - Test Cases/3. Menu Text Prediction/Multiple Verbatim Predicted Result (Predicted in detail): Test Cases/3. Menu Text Prediction/Multiple Verbatim Predicted Result (Predicted in detail) FAILED because (of) Unable to click on object 'Object Repository/Predicted in details/Show All Multiple Verbatim Predicted Result/label_Select All' (Root cause: com.kms.katalon.core.webui.exception.WebElementNotFoundException: Web element with id: 'Object Repository/Predicted in details/Show All Multiple Verbatim Predicted Result/label_Select All' located by 'By.xpath: //label[count(. | //*[contains(.,' Select All')]) = count(//*[contains(.,' Select All')])]' not found)]]></system-err>
      </testcase>
      <testcase name="Test Cases/4. Menu User Management/Search user list" classname="Test Cases/4. Menu User Management/Search user list" status="FAILED">
         <failure type="FAILED" message="Unable to click on object 'Object Repository/Chage status/Page_Guru TMDA/a_User Management' (Root cause: com.kms.katalon.core.webui.exception.WebElementNotFoundException: Web element with id: 'Object Repository/Chage status/Page_Guru TMDA/a_User Management' located by 'By.xpath: //a[count(. | //*[@href = '/user-management']) = count(//*[@href = '/user-management'])][count(. | //*[contains(.,'User Management')]) = count(//*[contains(.,'User Management')])]' not found)"/>
         <system-out><![CDATA[2017-11-13 11:28:38 - [TEST_CASE][FAILED] - Test Cases/4. Menu User Management/Search user list: Test Cases/4. Menu User Management/Search user list FAILED because (of) Unable to click on object 'Object Repository/Chage status/Page_Guru TMDA/a_User Management' (Root cause: com.kms.katalon.core.webui.exception.WebElementNotFoundException: Web element with id: 'Object Repository/Chage status/Page_Guru TMDA/a_User Management' located by 'By.xpath: //a[count(. | //*[@href = '/user-management']) = count(//*[@href = '/user-management'])][count(. | //*[contains(.,'User Management')]) = count(//*[contains(.,'User Management')])]' not found)

2017-11-13 11:28:38 - [TEST_STEP][NOT_RUN] - openBrowser: NOT_RUN: openBrowser

2017-11-13 11:28:38 - [MESSAGE][NOT_RUN] - NOT_RUN: openBrowser

2017-11-13 11:28:38 - [TEST_STEP][NOT_RUN] - maximizeWindow: NOT_RUN: maximizeWindow

2017-11-13 11:28:38 - [MESSAGE][NOT_RUN] - NOT_RUN: maximizeWindow

2017-11-13 11:28:38 - [TEST_STEP][NOT_RUN] - navigateToUrl: NOT_RUN: navigateToUrl

2017-11-13 11:28:38 - [MESSAGE][NOT_RUN] - NOT_RUN: navigateToUrl

2017-11-13 11:28:38 - [TEST_STEP][NOT_RUN] - click: NOT_RUN: click

2017-11-13 11:28:38 - [MESSAGE][NOT_RUN] - NOT_RUN: click

2017-11-13 11:28:38 - [TEST_STEP][NOT_RUN] - setText: NOT_RUN: setText

2017-11-13 11:28:38 - [MESSAGE][NOT_RUN] - NOT_RUN: setText

2017-11-13 11:28:38 - [TEST_STEP][NOT_RUN] - setText: NOT_RUN: setText

2017-11-13 11:28:38 - [MESSAGE][NOT_RUN] - NOT_RUN: setText

2017-11-13 11:28:38 - [TEST_STEP][NOT_RUN] - submit: NOT_RUN: submit

2017-11-13 11:28:38 - [MESSAGE][NOT_RUN] - NOT_RUN: submit

2017-11-13 11:28:38 - [TEST_STEP][FAILED] - click: Unable to click on object 'Object Repository/Chage status/Page_Guru TMDA/a_User Management' (Root cause: com.kms.katalon.core.webui.exception.WebElementNotFoundException: Web element with id: 'Object Repository/Chage status/Page_Guru TMDA/a_User Management' located by 'By.xpath: //a[count(. | //*[@href = '/user-management']) = count(//*[@href = '/user-management'])][count(. | //*[contains(.,'User Management')]) = count(//*[contains(.,'User Management')])]' not found)

2017-11-13 11:29:09 - [MESSAGE][FAILED] - Unable to click on object 'Object Repository/Chage status/Page_Guru TMDA/a_User Management' (Root cause: com.kms.katalon.core.webui.exception.WebElementNotFoundException: Web element with id: 'Object Repository/Chage status/Page_Guru TMDA/a_User Management' located by 'By.xpath: //a[count(. | //*[@href = '/user-management']) = count(//*[@href = '/user-management'])][count(. | //*[contains(.,'User Management')]) = count(//*[contains(.,'User Management')])]' not found)
[[ATTACHMENT|D:\\Github\\Guru-TMDA\\Reports\\Basic\\20171113_112155\\1510547349517.png]]

2017-11-13 11:29:09 - [TEST_STEP][FAILED] - setText: Unable to set text 'Dog1111' of object 'Object Repository/Search user list/Page_Guru TMDA (2)/input_ng-untouched ng-valid ng' (Root cause: com.kms.katalon.core.webui.exception.WebElementNotFoundException: Web element with id: 'Object Repository/Search user list/Page_Guru TMDA (2)/input_ng-untouched ng-valid ng' located by 'By.xpath: //input[count(. | //*[@placeholder = 'Search']) = count(//*[@placeholder = 'Search'])][count(. | //*[@type = 'text']) = count(//*[@type = 'text'])]' not found)

2017-11-13 11:29:41 - [MESSAGE][FAILED] - Unable to set text 'Dog1111' of object 'Object Repository/Search user list/Page_Guru TMDA (2)/input_ng-untouched ng-valid ng' (Root cause: com.kms.katalon.core.webui.exception.WebElementNotFoundException: Web element with id: 'Object Repository/Search user list/Page_Guru TMDA (2)/input_ng-untouched ng-valid ng' located by 'By.xpath: //input[count(. | //*[@placeholder = 'Search']) = count(//*[@placeholder = 'Search'])][count(. | //*[@type = 'text']) = count(//*[@type = 'text'])]' not found)
[[ATTACHMENT|D:\\Github\\Guru-TMDA\\Reports\\Basic\\20171113_112155\\1510547380715.png]]

2017-11-13 11:29:41 - [TEST_STEP][PASSED] - verifyElementNotPresent: Web element with id: 'Object Repository/Search user list//i_fa fa-pencil-square-o' located by 'By.xpath: //i[count(. | //*[@aria-hidden = 'true']) = count(//*[@aria-hidden = 'true'])][count(. | //*[@class = 'fa fa-pencil-square-o']) = count(//*[@class = 'fa fa-pencil-square-o'])][count(. | /html[1]/body[1]/my-app[1]/app-user-management[1]/div[@class="container-fluid"]/div[2]/div[@class="table-responsive"]/table[@class="table centurygothic-font"]/tbody[1]/tr[2]/td[@class="w3-center"]/button[@class="btn w3-text-white btn-edit w3-circle padding-0"]/i[@class="fa fa-pencil-square-o"]) = count(/html[1]/body[1]/my-app[1]/app-user-management[1]/div[@class="container-fluid"]/div[2]/div[@class="table-responsive"]/table[@class="table centurygothic-font"]/tbody[1]/tr[2]/td[@class="w3-center"]/button[@class="btn w3-text-white btn-edit w3-circle padding-0"]/i[@class="fa fa-pencil-square-o"])]' is not present after '5' second(s)

2017-11-13 11:29:41 - [MESSAGE][PASSED] - Web element with id: 'Object Repository/Search user list//i_fa fa-pencil-square-o' located by 'By.xpath: //i[count(. | //*[@aria-hidden = 'true']) = count(//*[@aria-hidden = 'true'])][count(. | //*[@class = 'fa fa-pencil-square-o']) = count(//*[@class = 'fa fa-pencil-square-o'])][count(. | /html[1]/body[1]/my-app[1]/app-user-management[1]/div[@class="container-fluid"]/div[2]/div[@class="table-responsive"]/table[@class="table centurygothic-font"]/tbody[1]/tr[2]/td[@class="w3-center"]/button[@class="btn w3-text-white btn-edit w3-circle padding-0"]/i[@class="fa fa-pencil-square-o"]) = count(/html[1]/body[1]/my-app[1]/app-user-management[1]/div[@class="container-fluid"]/div[2]/div[@class="table-responsive"]/table[@class="table centurygothic-font"]/tbody[1]/tr[2]/td[@class="w3-center"]/button[@class="btn w3-text-white btn-edit w3-circle padding-0"]/i[@class="fa fa-pencil-square-o"])]' is not present after '5' second(s)

2017-11-13 11:29:41 - [TEST_STEP][FAILED] - setText: Unable to set text 'Creme' of object 'Object Repository/Search user list/Page_Guru TMDA (2)/input_ng-untouched ng-valid ng' (Root cause: com.kms.katalon.core.webui.exception.WebElementNotFoundException: Web element with id: 'Object Repository/Search user list/Page_Guru TMDA (2)/input_ng-untouched ng-valid ng' located by 'By.xpath: //input[count(. | //*[@placeholder = 'Search']) = count(//*[@placeholder = 'Search'])][count(. | //*[@type = 'text']) = count(//*[@type = 'text'])]' not found)

2017-11-13 11:30:12 - [MESSAGE][FAILED] - Unable to set text 'Creme' of object 'Object Repository/Search user list/Page_Guru TMDA (2)/input_ng-untouched ng-valid ng' (Root cause: com.kms.katalon.core.webui.exception.WebElementNotFoundException: Web element with id: 'Object Repository/Search user list/Page_Guru TMDA (2)/input_ng-untouched ng-valid ng' located by 'By.xpath: //input[count(. | //*[@placeholder = 'Search']) = count(//*[@placeholder = 'Search'])][count(. | //*[@type = 'text']) = count(//*[@type = 'text'])]' not found)
[[ATTACHMENT|D:\\Github\\Guru-TMDA\\Reports\\Basic\\20171113_112155\\1510547411885.png]]

2017-11-13 11:30:12 - [TEST_STEP][FAILED] - verifyElementPresent: com.kms.katalon.core.webui.exception.WebElementNotFoundException: Web element with id: 'Object Repository/Search user list/td_Creme' located by 'By.xpath: //td[count(. | //*[text() = 'Creme']) = count(//*[text() = 'Creme'])]' not found

2017-11-13 11:30:14 - [MESSAGE][FAILED] - com.kms.katalon.core.webui.exception.WebElementNotFoundException: Web element with id: 'Object Repository/Search user list/td_Creme' located by 'By.xpath: //td[count(. | //*[text() = 'Creme']) = count(//*[text() = 'Creme'])]' not found
[[ATTACHMENT|D:\\Github\\Guru-TMDA\\Reports\\Basic\\20171113_112155\\1510547414231.png]]

2017-11-13 11:30:14 - [TEST_STEP][NOT_RUN] - closeBrowser: NOT_RUN: closeBrowser

2017-11-13 11:30:14 - [MESSAGE][NOT_RUN] - NOT_RUN: closeBrowser]]></system-out>
         <system-err><![CDATA[2017-11-13 11:28:38 - [TEST_CASE][FAILED] - Test Cases/4. Menu User Management/Search user list: Test Cases/4. Menu User Management/Search user list FAILED because (of) Unable to click on object 'Object Repository/Chage status/Page_Guru TMDA/a_User Management' (Root cause: com.kms.katalon.core.webui.exception.WebElementNotFoundException: Web element with id: 'Object Repository/Chage status/Page_Guru TMDA/a_User Management' located by 'By.xpath: //a[count(. | //*[@href = '/user-management']) = count(//*[@href = '/user-management'])][count(. | //*[contains(.,'User Management')]) = count(//*[contains(.,'User Management')])]' not found)]]></system-err>
      </testcase>
      <testcase name="Test Cases/4. Menu User Management/Change role and status" classname="Test Cases/4. Menu User Management/Change role and status" status="FAILED">
         <failure type="FAILED" message="Unable to click on object 'Object Repository/Change role/Page_Guru TMDA/a_User Management' (Root cause: com.kms.katalon.core.webui.exception.WebElementNotFoundException: Web element with id: 'Object Repository/Change role/Page_Guru TMDA/a_User Management' located by 'By.xpath: //a[count(. | //*[@href = '/user-management']) = count(//*[@href = '/user-management'])][count(. | //*[contains(.,'User Management')]) = count(//*[contains(.,'User Management')])]' not found)"/>
         <system-out><![CDATA[2017-11-13 11:30:14 - [TEST_CASE][FAILED] - Test Cases/4. Menu User Management/Change role and status: Test Cases/4. Menu User Management/Change role and status FAILED because (of) Unable to click on object 'Object Repository/Change role/Page_Guru TMDA/a_User Management' (Root cause: com.kms.katalon.core.webui.exception.WebElementNotFoundException: Web element with id: 'Object Repository/Change role/Page_Guru TMDA/a_User Management' located by 'By.xpath: //a[count(. | //*[@href = '/user-management']) = count(//*[@href = '/user-management'])][count(. | //*[contains(.,'User Management')]) = count(//*[contains(.,'User Management')])]' not found)

2017-11-13 11:30:14 - [TEST_STEP][NOT_RUN] - openBrowser: NOT_RUN: openBrowser

2017-11-13 11:30:14 - [MESSAGE][NOT_RUN] - NOT_RUN: openBrowser

2017-11-13 11:30:14 - [TEST_STEP][NOT_RUN] - maximizeWindow: NOT_RUN: maximizeWindow

2017-11-13 11:30:14 - [MESSAGE][NOT_RUN] - NOT_RUN: maximizeWindow

2017-11-13 11:30:14 - [TEST_STEP][NOT_RUN] - navigateToUrl: NOT_RUN: navigateToUrl

2017-11-13 11:30:14 - [MESSAGE][NOT_RUN] - NOT_RUN: navigateToUrl

2017-11-13 11:30:14 - [TEST_STEP][NOT_RUN] - click: NOT_RUN: click

2017-11-13 11:30:14 - [MESSAGE][NOT_RUN] - NOT_RUN: click

2017-11-13 11:30:14 - [TEST_STEP][NOT_RUN] - setText: NOT_RUN: setText

2017-11-13 11:30:14 - [MESSAGE][NOT_RUN] - NOT_RUN: setText

2017-11-13 11:30:14 - [TEST_STEP][NOT_RUN] - setText: NOT_RUN: setText

2017-11-13 11:30:14 - [MESSAGE][NOT_RUN] - NOT_RUN: setText

2017-11-13 11:30:14 - [TEST_STEP][NOT_RUN] - submit: NOT_RUN: submit

2017-11-13 11:30:14 - [MESSAGE][NOT_RUN] - NOT_RUN: submit

2017-11-13 11:30:14 - [TEST_STEP][FAILED] - click: Unable to click on object 'Object Repository/Change role/Page_Guru TMDA/a_User Management' (Root cause: com.kms.katalon.core.webui.exception.WebElementNotFoundException: Web element with id: 'Object Repository/Change role/Page_Guru TMDA/a_User Management' located by 'By.xpath: //a[count(. | //*[@href = '/user-management']) = count(//*[@href = '/user-management'])][count(. | //*[contains(.,'User Management')]) = count(//*[contains(.,'User Management')])]' not found)

2017-11-13 11:30:45 - [MESSAGE][FAILED] - Unable to click on object 'Object Repository/Change role/Page_Guru TMDA/a_User Management' (Root cause: com.kms.katalon.core.webui.exception.WebElementNotFoundException: Web element with id: 'Object Repository/Change role/Page_Guru TMDA/a_User Management' located by 'By.xpath: //a[count(. | //*[@href = '/user-management']) = count(//*[@href = '/user-management'])][count(. | //*[contains(.,'User Management')]) = count(//*[contains(.,'User Management')])]' not found)
[[ATTACHMENT|D:\\Github\\Guru-TMDA\\Reports\\Basic\\20171113_112155\\1510547445602.png]]]]></system-out>
         <system-err><![CDATA[2017-11-13 11:30:14 - [TEST_CASE][FAILED] - Test Cases/4. Menu User Management/Change role and status: Test Cases/4. Menu User Management/Change role and status FAILED because (of) Unable to click on object 'Object Repository/Change role/Page_Guru TMDA/a_User Management' (Root cause: com.kms.katalon.core.webui.exception.WebElementNotFoundException: Web element with id: 'Object Repository/Change role/Page_Guru TMDA/a_User Management' located by 'By.xpath: //a[count(. | //*[@href = '/user-management']) = count(//*[@href = '/user-management'])][count(. | //*[contains(.,'User Management')]) = count(//*[contains(.,'User Management')])]' not found)]]></system-err>
      </testcase>
      <testcase name="Test Cases/4. Menu User Management/Edit profile management" classname="Test Cases/4. Menu User Management/Edit profile management" status="FAILED">
         <failure type="FAILED" message="Unable to click on object 'Object Repository/Change role/Page_Guru TMDA/a_User Management' (Root cause: com.kms.katalon.core.webui.exception.WebElementNotFoundException: Web element with id: 'Object Repository/Change role/Page_Guru TMDA/a_User Management' located by 'By.xpath: //a[count(. | //*[@href = '/user-management']) = count(//*[@href = '/user-management'])][count(. | //*[contains(.,'User Management')]) = count(//*[contains(.,'User Management')])]' not found)"/>
         <system-out><![CDATA[2017-11-13 11:30:45 - [TEST_CASE][FAILED] - Test Cases/4. Menu User Management/Edit profile management: Test Cases/4. Menu User Management/Edit profile management FAILED because (of) Unable to click on object 'Object Repository/Change role/Page_Guru TMDA/a_User Management' (Root cause: com.kms.katalon.core.webui.exception.WebElementNotFoundException: Web element with id: 'Object Repository/Change role/Page_Guru TMDA/a_User Management' located by 'By.xpath: //a[count(. | //*[@href = '/user-management']) = count(//*[@href = '/user-management'])][count(. | //*[contains(.,'User Management')]) = count(//*[contains(.,'User Management')])]' not found)

2017-11-13 11:30:46 - [TEST_STEP][PASSED] - Statement - date = new java.util.Date(): null

2017-11-13 11:30:46 - [TEST_STEP][PASSED] - Statement - df = new java.text.SimpleDateFormat(): null

2017-11-13 11:30:46 - [TEST_STEP][PASSED] - Statement - df.applyPattern("ddmmyyyyHHmmss"): null

2017-11-13 11:30:46 - [TEST_STEP][NOT_RUN] - openBrowser: NOT_RUN: openBrowser

2017-11-13 11:30:46 - [MESSAGE][NOT_RUN] - NOT_RUN: openBrowser

2017-11-13 11:30:46 - [TEST_STEP][NOT_RUN] - maximizeWindow: NOT_RUN: maximizeWindow

2017-11-13 11:30:46 - [MESSAGE][NOT_RUN] - NOT_RUN: maximizeWindow

2017-11-13 11:30:46 - [TEST_STEP][NOT_RUN] - navigateToUrl: NOT_RUN: navigateToUrl

2017-11-13 11:30:46 - [MESSAGE][NOT_RUN] - NOT_RUN: navigateToUrl

2017-11-13 11:30:46 - [TEST_STEP][NOT_RUN] - click: NOT_RUN: click

2017-11-13 11:30:46 - [MESSAGE][NOT_RUN] - NOT_RUN: click

2017-11-13 11:30:46 - [TEST_STEP][NOT_RUN] - setText: NOT_RUN: setText

2017-11-13 11:30:46 - [MESSAGE][NOT_RUN] - NOT_RUN: setText

2017-11-13 11:30:46 - [TEST_STEP][NOT_RUN] - setText: NOT_RUN: setText

2017-11-13 11:30:46 - [MESSAGE][NOT_RUN] - NOT_RUN: setText

2017-11-13 11:30:46 - [TEST_STEP][NOT_RUN] - submit: NOT_RUN: submit

2017-11-13 11:30:46 - [MESSAGE][NOT_RUN] - NOT_RUN: submit

2017-11-13 11:30:46 - [TEST_STEP][FAILED] - click: Unable to click on object 'Object Repository/Change role/Page_Guru TMDA/a_User Management' (Root cause: com.kms.katalon.core.webui.exception.WebElementNotFoundException: Web element with id: 'Object Repository/Change role/Page_Guru TMDA/a_User Management' located by 'By.xpath: //a[count(. | //*[@href = '/user-management']) = count(//*[@href = '/user-management'])][count(. | //*[contains(.,'User Management')]) = count(//*[contains(.,'User Management')])]' not found)

2017-11-13 11:31:17 - [MESSAGE][FAILED] - Unable to click on object 'Object Repository/Change role/Page_Guru TMDA/a_User Management' (Root cause: com.kms.katalon.core.webui.exception.WebElementNotFoundException: Web element with id: 'Object Repository/Change role/Page_Guru TMDA/a_User Management' located by 'By.xpath: //a[count(. | //*[@href = '/user-management']) = count(//*[@href = '/user-management'])][count(. | //*[contains(.,'User Management')]) = count(//*[contains(.,'User Management')])]' not found)
[[ATTACHMENT|D:\\Github\\Guru-TMDA\\Reports\\Basic\\20171113_112155\\1510547476737.png]]]]></system-out>
         <system-err><![CDATA[2017-11-13 11:30:45 - [TEST_CASE][FAILED] - Test Cases/4. Menu User Management/Edit profile management: Test Cases/4. Menu User Management/Edit profile management FAILED because (of) Unable to click on object 'Object Repository/Change role/Page_Guru TMDA/a_User Management' (Root cause: com.kms.katalon.core.webui.exception.WebElementNotFoundException: Web element with id: 'Object Repository/Change role/Page_Guru TMDA/a_User Management' located by 'By.xpath: //a[count(. | //*[@href = '/user-management']) = count(//*[@href = '/user-management'])][count(. | //*[contains(.,'User Management')]) = count(//*[contains(.,'User Management')])]' not found)]]></system-err>
      </testcase>
      <testcase name="Test Cases/4. Menu User Management/Reset and Change password" classname="Test Cases/4. Menu User Management/Reset and Change password" status="FAILED">
         <failure type="FAILED" message="Unable to click on object 'Object Repository/reset password//a_User Management (1)' (Root cause: com.kms.katalon.core.webui.exception.WebElementNotFoundException: Web element with id: 'Object Repository/reset password//a_User Management (1)' located by 'By.xpath: //a[count(. | //*[@class = 'nav-link']) = count(//*[@class = 'nav-link'])][count(. | //*[@href = '/user-management']) = count(//*[@href = '/user-management'])][count(. | //*[text() = 'User Management']) = count(//*[text() = 'User Management'])][count(. | /html[1]/body[1]/my-app[1]/app-header[1]/div[@class=&quot;headers&quot;]/nav[@class=&quot;navbar navbar-dark bg-inverse centurygothic-font&quot;]/ul[@class=&quot;nav navbar-nav&quot;]/li[2]/a[@class=&quot;nav-link&quot;]) = count(/html[1]/body[1]/my-app[1]/app-header[1]/div[@class=&quot;headers&quot;]/nav[@class=&quot;navbar navbar-dark bg-inverse centurygothic-font&quot;]/ul[@class=&quot;nav navbar-nav&quot;]/li[2]/a[@class=&quot;nav-link&quot;])]' not found)"/>
         <system-out><![CDATA[2017-11-13 11:31:17 - [TEST_CASE][FAILED] - Test Cases/4. Menu User Management/Reset and Change password: Test Cases/4. Menu User Management/Reset and Change password FAILED because (of) Unable to click on object 'Object Repository/reset password//a_User Management (1)' (Root cause: com.kms.katalon.core.webui.exception.WebElementNotFoundException: Web element with id: 'Object Repository/reset password//a_User Management (1)' located by 'By.xpath: //a[count(. | //*[@class = 'nav-link']) = count(//*[@class = 'nav-link'])][count(. | //*[@href = '/user-management']) = count(//*[@href = '/user-management'])][count(. | //*[text() = 'User Management']) = count(//*[text() = 'User Management'])][count(. | /html[1]/body[1]/my-app[1]/app-header[1]/div[@class="headers"]/nav[@class="navbar navbar-dark bg-inverse centurygothic-font"]/ul[@class="nav navbar-nav"]/li[2]/a[@class="nav-link"]) = count(/html[1]/body[1]/my-app[1]/app-header[1]/div[@class="headers"]/nav[@class="navbar navbar-dark bg-inverse centurygothic-font"]/ul[@class="nav navbar-nav"]/li[2]/a[@class="nav-link"])]' not found)

2017-11-13 11:31:17 - [TEST_STEP][NOT_RUN] - openBrowser: NOT_RUN: openBrowser

2017-11-13 11:31:17 - [MESSAGE][NOT_RUN] - NOT_RUN: openBrowser

2017-11-13 11:31:17 - [TEST_STEP][NOT_RUN] - maximizeWindow: NOT_RUN: maximizeWindow

2017-11-13 11:31:17 - [MESSAGE][NOT_RUN] - NOT_RUN: maximizeWindow

2017-11-13 11:31:17 - [TEST_STEP][NOT_RUN] - navigateToUrl: NOT_RUN: navigateToUrl

2017-11-13 11:31:17 - [MESSAGE][NOT_RUN] - NOT_RUN: navigateToUrl

2017-11-13 11:31:17 - [TEST_STEP][NOT_RUN] - click: NOT_RUN: click

2017-11-13 11:31:17 - [MESSAGE][NOT_RUN] - NOT_RUN: click

2017-11-13 11:31:17 - [TEST_STEP][NOT_RUN] - setText: NOT_RUN: setText

2017-11-13 11:31:17 - [MESSAGE][NOT_RUN] - NOT_RUN: setText

2017-11-13 11:31:17 - [TEST_STEP][NOT_RUN] - setText: NOT_RUN: setText

2017-11-13 11:31:17 - [MESSAGE][NOT_RUN] - NOT_RUN: setText

2017-11-13 11:31:17 - [TEST_STEP][NOT_RUN] - submit: NOT_RUN: submit

2017-11-13 11:31:17 - [MESSAGE][NOT_RUN] - NOT_RUN: submit

2017-11-13 11:31:17 - [TEST_STEP][FAILED] - click: Unable to click on object 'Object Repository/reset password//a_User Management (1)' (Root cause: com.kms.katalon.core.webui.exception.WebElementNotFoundException: Web element with id: 'Object Repository/reset password//a_User Management (1)' located by 'By.xpath: //a[count(. | //*[@class = 'nav-link']) = count(//*[@class = 'nav-link'])][count(. | //*[@href = '/user-management']) = count(//*[@href = '/user-management'])][count(. | //*[text() = 'User Management']) = count(//*[text() = 'User Management'])][count(. | /html[1]/body[1]/my-app[1]/app-header[1]/div[@class="headers"]/nav[@class="navbar navbar-dark bg-inverse centurygothic-font"]/ul[@class="nav navbar-nav"]/li[2]/a[@class="nav-link"]) = count(/html[1]/body[1]/my-app[1]/app-header[1]/div[@class="headers"]/nav[@class="navbar navbar-dark bg-inverse centurygothic-font"]/ul[@class="nav navbar-nav"]/li[2]/a[@class="nav-link"])]' not found)

2017-11-13 11:31:48 - [MESSAGE][FAILED] - Unable to click on object 'Object Repository/reset password//a_User Management (1)' (Root cause: com.kms.katalon.core.webui.exception.WebElementNotFoundException: Web element with id: 'Object Repository/reset password//a_User Management (1)' located by 'By.xpath: //a[count(. | //*[@class = 'nav-link']) = count(//*[@class = 'nav-link'])][count(. | //*[@href = '/user-management']) = count(//*[@href = '/user-management'])][count(. | //*[text() = 'User Management']) = count(//*[text() = 'User Management'])][count(. | /html[1]/body[1]/my-app[1]/app-header[1]/div[@class="headers"]/nav[@class="navbar navbar-dark bg-inverse centurygothic-font"]/ul[@class="nav navbar-nav"]/li[2]/a[@class="nav-link"]) = count(/html[1]/body[1]/my-app[1]/app-header[1]/div[@class="headers"]/nav[@class="navbar navbar-dark bg-inverse centurygothic-font"]/ul[@class="nav navbar-nav"]/li[2]/a[@class="nav-link"])]' not found)
[[ATTACHMENT|D:\\Github\\Guru-TMDA\\Reports\\Basic\\20171113_112155\\1510547508008.png]]]]></system-out>
         <system-err><![CDATA[2017-11-13 11:31:17 - [TEST_CASE][FAILED] - Test Cases/4. Menu User Management/Reset and Change password: Test Cases/4. Menu User Management/Reset and Change password FAILED because (of) Unable to click on object 'Object Repository/reset password//a_User Management (1)' (Root cause: com.kms.katalon.core.webui.exception.WebElementNotFoundException: Web element with id: 'Object Repository/reset password//a_User Management (1)' located by 'By.xpath: //a[count(. | //*[@class = 'nav-link']) = count(//*[@class = 'nav-link'])][count(. | //*[@href = '/user-management']) = count(//*[@href = '/user-management'])][count(. | //*[text() = 'User Management']) = count(//*[text() = 'User Management'])][count(. | /html[1]/body[1]/my-app[1]/app-header[1]/div[@class="headers"]/nav[@class="navbar navbar-dark bg-inverse centurygothic-font"]/ul[@class="nav navbar-nav"]/li[2]/a[@class="nav-link"]) = count(/html[1]/body[1]/my-app[1]/app-header[1]/div[@class="headers"]/nav[@class="navbar navbar-dark bg-inverse centurygothic-font"]/ul[@class="nav navbar-nav"]/li[2]/a[@class="nav-link"])]' not found)]]></system-err>
      </testcase>
      <testcase name="Test Cases/4. Menu User Management/Edit user profile" classname="Test Cases/4. Menu User Management/Edit user profile" status="FAILED">
         <failure type="FAILED" message="Unable to click on object 'Object Repository/reset password/img_Profile (1)' (Root cause: com.kms.katalon.core.webui.exception.WebElementNotFoundException: Web element with id: 'Object Repository/reset password/img_Profile (1)' located by 'By.xpath: //img[count(. | //*[@width = '50']) = count(//*[@width = '50'])][count(. | /html[1]/body[1]/my-app[1]/app-header[1]/div[@class=&quot;headers&quot;]/div[@class=&quot;pull-right w3-padding-16&quot;]/div[@class=&quot;after-login&quot;]/div[2]/img[1]) = count(/html[1]/body[1]/my-app[1]/app-header[1]/div[@class=&quot;headers&quot;]/div[@class=&quot;pull-right w3-padding-16&quot;]/div[@class=&quot;after-login&quot;]/div[2]/img[1])]' not found)"/>
         <system-out><![CDATA[2017-11-13 11:31:48 - [TEST_CASE][FAILED] - Test Cases/4. Menu User Management/Edit user profile: Test Cases/4. Menu User Management/Edit user profile FAILED because (of) Unable to click on object 'Object Repository/reset password/img_Profile (1)' (Root cause: com.kms.katalon.core.webui.exception.WebElementNotFoundException: Web element with id: 'Object Repository/reset password/img_Profile (1)' located by 'By.xpath: //img[count(. | //*[@width = '50']) = count(//*[@width = '50'])][count(. | /html[1]/body[1]/my-app[1]/app-header[1]/div[@class="headers"]/div[@class="pull-right w3-padding-16"]/div[@class="after-login"]/div[2]/img[1]) = count(/html[1]/body[1]/my-app[1]/app-header[1]/div[@class="headers"]/div[@class="pull-right w3-padding-16"]/div[@class="after-login"]/div[2]/img[1])]' not found)

2017-11-13 11:31:48 - [TEST_STEP][PASSED] - Statement - date = new java.util.Date(): null

2017-11-13 11:31:48 - [TEST_STEP][PASSED] - Statement - df = new java.text.SimpleDateFormat(): null

2017-11-13 11:31:48 - [TEST_STEP][PASSED] - Statement - df.applyPattern("ddmmyyyyHHmmss"): null

2017-11-13 11:31:48 - [TEST_STEP][NOT_RUN] - openBrowser: NOT_RUN: openBrowser

2017-11-13 11:31:48 - [MESSAGE][NOT_RUN] - NOT_RUN: openBrowser

2017-11-13 11:31:48 - [TEST_STEP][NOT_RUN] - maximizeWindow: NOT_RUN: maximizeWindow

2017-11-13 11:31:48 - [MESSAGE][NOT_RUN] - NOT_RUN: maximizeWindow

2017-11-13 11:31:48 - [TEST_STEP][NOT_RUN] - navigateToUrl: NOT_RUN: navigateToUrl

2017-11-13 11:31:48 - [MESSAGE][NOT_RUN] - NOT_RUN: navigateToUrl

2017-11-13 11:31:48 - [TEST_STEP][NOT_RUN] - click: NOT_RUN: click

2017-11-13 11:31:48 - [MESSAGE][NOT_RUN] - NOT_RUN: click

2017-11-13 11:31:48 - [TEST_STEP][NOT_RUN] - setText: NOT_RUN: setText

2017-11-13 11:31:48 - [MESSAGE][NOT_RUN] - NOT_RUN: setText

2017-11-13 11:31:48 - [TEST_STEP][NOT_RUN] - setText: NOT_RUN: setText

2017-11-13 11:31:48 - [MESSAGE][NOT_RUN] - NOT_RUN: setText

2017-11-13 11:31:48 - [TEST_STEP][NOT_RUN] - submit: NOT_RUN: submit

2017-11-13 11:31:48 - [MESSAGE][NOT_RUN] - NOT_RUN: submit

2017-11-13 11:31:48 - [TEST_STEP][FAILED] - click: Unable to click on object 'Object Repository/reset password/img_Profile (1)' (Root cause: com.kms.katalon.core.webui.exception.WebElementNotFoundException: Web element with id: 'Object Repository/reset password/img_Profile (1)' located by 'By.xpath: //img[count(. | //*[@width = '50']) = count(//*[@width = '50'])][count(. | /html[1]/body[1]/my-app[1]/app-header[1]/div[@class="headers"]/div[@class="pull-right w3-padding-16"]/div[@class="after-login"]/div[2]/img[1]) = count(/html[1]/body[1]/my-app[1]/app-header[1]/div[@class="headers"]/div[@class="pull-right w3-padding-16"]/div[@class="after-login"]/div[2]/img[1])]' not found)

2017-11-13 11:32:19 - [MESSAGE][FAILED] - Unable to click on object 'Object Repository/reset password/img_Profile (1)' (Root cause: com.kms.katalon.core.webui.exception.WebElementNotFoundException: Web element with id: 'Object Repository/reset password/img_Profile (1)' located by 'By.xpath: //img[count(. | //*[@width = '50']) = count(//*[@width = '50'])][count(. | /html[1]/body[1]/my-app[1]/app-header[1]/div[@class="headers"]/div[@class="pull-right w3-padding-16"]/div[@class="after-login"]/div[2]/img[1]) = count(/html[1]/body[1]/my-app[1]/app-header[1]/div[@class="headers"]/div[@class="pull-right w3-padding-16"]/div[@class="after-login"]/div[2]/img[1])]' not found)
[[ATTACHMENT|D:\\Github\\Guru-TMDA\\Reports\\Basic\\20171113_112155\\1510547539309.png]]]]></system-out>
         <system-err><![CDATA[2017-11-13 11:31:48 - [TEST_CASE][FAILED] - Test Cases/4. Menu User Management/Edit user profile: Test Cases/4. Menu User Management/Edit user profile FAILED because (of) Unable to click on object 'Object Repository/reset password/img_Profile (1)' (Root cause: com.kms.katalon.core.webui.exception.WebElementNotFoundException: Web element with id: 'Object Repository/reset password/img_Profile (1)' located by 'By.xpath: //img[count(. | //*[@width = '50']) = count(//*[@width = '50'])][count(. | /html[1]/body[1]/my-app[1]/app-header[1]/div[@class="headers"]/div[@class="pull-right w3-padding-16"]/div[@class="after-login"]/div[2]/img[1]) = count(/html[1]/body[1]/my-app[1]/app-header[1]/div[@class="headers"]/div[@class="pull-right w3-padding-16"]/div[@class="after-login"]/div[2]/img[1])]' not found)]]></system-err>
      </testcase>
      <testcase name="Test Cases/5. History Log/Search history log" classname="Test Cases/5. History Log/Search history log" status="FAILED">
         <failure type="FAILED" message="Unable to move mouse over object 'Object Repository/Search history log/search history log/span_2' (Root cause: com.kms.katalon.core.webui.exception.WebElementNotFoundException: Web element with id: 'Object Repository/Search history log/search history log/span_2' located by 'By.xpath: //span[count(. | //*[@class = 'hover']) = count(//*[@class = 'hover'])]' not found)"/>
         <system-out><![CDATA[2017-11-13 11:32:19 - [TEST_CASE][FAILED] - Test Cases/5. History Log/Search history log: Test Cases/5. History Log/Search history log FAILED because (of) Unable to move mouse over object 'Object Repository/Search history log/search history log/span_2' (Root cause: com.kms.katalon.core.webui.exception.WebElementNotFoundException: Web element with id: 'Object Repository/Search history log/search history log/span_2' located by 'By.xpath: //span[count(. | //*[@class = 'hover']) = count(//*[@class = 'hover'])]' not found)

2017-11-13 11:32:20 - [TEST_STEP][PASSED] - openBrowser: Browser is opened with url: ''

2017-11-13 11:32:20 - [MESSAGE][WARNING] - A browser is already opened. Closing browser and opening a new one

2017-11-13 11:32:23 - [MESSAGE][PASSED] - Browser is opened with url: ''

2017-11-13 11:32:23 - [TEST_STEP][PASSED] - maximizeWindow: Current window maximized

2017-11-13 11:32:24 - [MESSAGE][PASSED] - Current window maximized

2017-11-13 11:32:24 - [TEST_STEP][PASSED] - navigateToUrl: Navigate to 'http://192.168.11.59' successfully

2017-11-13 11:32:27 - [MESSAGE][PASSED] - Navigate to 'http://192.168.11.59' successfully

2017-11-13 11:32:27 - [TEST_STEP][PASSED] - click: Object: 'Object Repository/Page_Guru TMDA/span_Login' is clicked on

2017-11-13 11:32:28 - [MESSAGE][PASSED] - Object: 'Object Repository/Page_Guru TMDA/span_Login' is clicked on

2017-11-13 11:32:28 - [TEST_STEP][PASSED] - setText: Text 'creme' is set on object 'Object Repository/Page_Guru TMDA (1)/input_ng-untouched ng-valid ng'

2017-11-13 11:32:28 - [MESSAGE][PASSED] - Text 'creme' is set on object 'Object Repository/Page_Guru TMDA (1)/input_ng-untouched ng-valid ng'

2017-11-13 11:32:28 - [TEST_STEP][PASSED] - setText: Text '1234' is set on object 'Object Repository/Page_Guru TMDA (1)/input_ng-untouched ng-pristine'

2017-11-13 11:32:28 - [MESSAGE][PASSED] - Text '1234' is set on object 'Object Repository/Page_Guru TMDA (1)/input_ng-untouched ng-pristine'

2017-11-13 11:32:28 - [TEST_STEP][PASSED] - submit: The form containing object: 'Object Repository/Page_Guru TMDA (1)/button_Login' is submitted

2017-11-13 11:32:28 - [MESSAGE][PASSED] - The form containing object: 'Object Repository/Page_Guru TMDA (1)/button_Login' is submitted

2017-11-13 11:32:28 - [TEST_STEP][PASSED] - click: Object: 'Object Repository/Search history log/search history log/Page_Guru TMDA (1)/a_Log' is clicked on

2017-11-13 11:32:29 - [MESSAGE][PASSED] - Object: 'Object Repository/Search history log/search history log/Page_Guru TMDA (1)/a_Log' is clicked on

2017-11-13 11:32:29 - [TEST_STEP][FAILED] - mouseOver: Unable to move mouse over object 'Object Repository/Search history log/search history log/span_2' (Root cause: com.kms.katalon.core.webui.exception.WebElementNotFoundException: Web element with id: 'Object Repository/Search history log/search history log/span_2' located by 'By.xpath: //span[count(. | //*[@class = 'hover']) = count(//*[@class = 'hover'])]' not found)

2017-11-13 11:33:00 - [MESSAGE][FAILED] - Unable to move mouse over object 'Object Repository/Search history log/search history log/span_2' (Root cause: com.kms.katalon.core.webui.exception.WebElementNotFoundException: Web element with id: 'Object Repository/Search history log/search history log/span_2' located by 'By.xpath: //span[count(. | //*[@class = 'hover']) = count(//*[@class = 'hover'])]' not found)
[[ATTACHMENT|D:\\Github\\Guru-TMDA\\Reports\\Basic\\20171113_112155\\1510547580133.png]]]]></system-out>
         <system-err><![CDATA[2017-11-13 11:32:19 - [TEST_CASE][FAILED] - Test Cases/5. History Log/Search history log: Test Cases/5. History Log/Search history log FAILED because (of) Unable to move mouse over object 'Object Repository/Search history log/search history log/span_2' (Root cause: com.kms.katalon.core.webui.exception.WebElementNotFoundException: Web element with id: 'Object Repository/Search history log/search history log/span_2' located by 'By.xpath: //span[count(. | //*[@class = 'hover']) = count(//*[@class = 'hover'])]' not found)]]></system-err>
      </testcase>
      <system-out><![CDATA[2017-11-13 11:21:58 - [TEST_SUITE][FAILED] - Basic: Test Cases/2. Login/Sign Up FAILED because (of) Object 'Object Repository/signup/signup/button_Sign Up' is clickable]]></system-out>
      <system-err><![CDATA[2017-11-13 11:21:58 - [TEST_SUITE][FAILED] - Basic: Test Cases/2. Login/Sign Up FAILED because (of) Object 'Object Repository/signup/signup/button_Sign Up' is clickable]]></system-err>
   </testsuite>
</testsuites>
